2021-12-07 07:45:18.440  INFO 7956 --- [restartedMain] c.t.c.CapstoneProjectDbsApplication      : Starting CapstoneProjectDbsApplication using Java 15.0.1 on LAPTOP-BEPT0ROL with PID 7956 (C:\Users\Teja\eclipse-workspace\capstone-project-dbs\target\classes started by Teja in C:\Users\Teja\eclipse-workspace\capstone-project-dbs)
2021-12-07 07:45:18.450  INFO 7956 --- [restartedMain] c.t.c.CapstoneProjectDbsApplication      : No active profile set, falling back to default profiles: default
2021-12-07 07:45:18.559  INFO 7956 --- [restartedMain] .e.DevToolsPropertyDefaultsPostProcessor : Devtools property defaults active! Set 'spring.devtools.add-properties' to 'false' to disable
2021-12-07 07:45:18.560  INFO 7956 --- [restartedMain] .e.DevToolsPropertyDefaultsPostProcessor : For additional web related logging consider setting the 'logging.level.web' property to 'DEBUG'
2021-12-07 07:45:21.090  INFO 7956 --- [restartedMain] .s.d.r.c.RepositoryConfigurationDelegate : Bootstrapping Spring Data JPA repositories in DEFAULT mode.
2021-12-07 07:45:21.266  INFO 7956 --- [restartedMain] .s.d.r.c.RepositoryConfigurationDelegate : Finished Spring Data repository scanning in 159 ms. Found 5 JPA repository interfaces.
2021-12-07 07:45:22.786  INFO 7956 --- [restartedMain] o.s.b.w.embedded.tomcat.TomcatWebServer  : Tomcat initialized with port(s): 8082 (http)
2021-12-07 07:45:22.811  INFO 7956 --- [restartedMain] o.apache.catalina.core.StandardService   : Starting service [Tomcat]
2021-12-07 07:45:22.812  INFO 7956 --- [restartedMain] org.apache.catalina.core.StandardEngine  : Starting Servlet engine: [Apache Tomcat/9.0.54]
2021-12-07 07:45:23.048  INFO 7956 --- [restartedMain] o.a.c.c.C.[Tomcat].[localhost].[/]       : Initializing Spring embedded WebApplicationContext
2021-12-07 07:45:23.049  INFO 7956 --- [restartedMain] w.s.c.ServletWebServerApplicationContext : Root WebApplicationContext: initialization completed in 4487 ms
2021-12-07 07:45:23.603  INFO 7956 --- [restartedMain] o.hibernate.jpa.internal.util.LogHelper  : HHH000204: Processing PersistenceUnitInfo [name: default]
2021-12-07 07:45:23.750  INFO 7956 --- [restartedMain] org.hibernate.Version                    : HHH000412: Hibernate ORM core version 5.4.32.Final
2021-12-07 07:45:24.119  INFO 7956 --- [restartedMain] o.hibernate.annotations.common.Version   : HCANN000001: Hibernate Commons Annotations {5.1.2.Final}
2021-12-07 07:45:24.410  INFO 7956 --- [restartedMain] com.zaxxer.hikari.HikariDataSource       : HikariPool-1 - Starting...
2021-12-07 07:45:24.567  INFO 7956 --- [restartedMain] com.zaxxer.hikari.HikariDataSource       : HikariPool-1 - Start completed.
2021-12-07 07:45:24.642  INFO 7956 --- [restartedMain] org.hibernate.dialect.Dialect            : HHH000400: Using dialect: org.hibernate.dialect.MariaDB103Dialect
2021-12-07 07:45:26.213  INFO 7956 --- [restartedMain] o.h.e.t.j.p.i.JtaPlatformInitiator       : HHH000490: Using JtaPlatform implementation: [org.hibernate.engine.transaction.jta.platform.internal.NoJtaPlatform]
2021-12-07 07:45:26.229  INFO 7956 --- [restartedMain] j.LocalContainerEntityManagerFactoryBean : Initialized JPA EntityManagerFactory for persistence unit 'default'
2021-12-07 07:45:27.760  WARN 7956 --- [restartedMain] JpaBaseConfiguration$JpaWebConfiguration : spring.jpa.open-in-view is enabled by default. Therefore, database queries may be performed during view rendering. Explicitly configure spring.jpa.open-in-view to disable this warning
2021-12-07 07:45:28.093  INFO 7956 --- [restartedMain] o.s.b.a.e.web.EndpointLinksResolver      : Exposing 1 endpoint(s) beneath base path '/actuator'
2021-12-07 07:45:28.271  INFO 7956 --- [restartedMain] pertySourcedRequestMappingHandlerMapping : Mapped URL path [/v2/api-docs] onto method [springfox.documentation.swagger2.web.Swagger2Controller#getDocumentation(String, HttpServletRequest)]
2021-12-07 07:45:28.500  INFO 7956 --- [restartedMain] o.s.b.d.a.OptionalLiveReloadServer       : LiveReload server is running on port 35729
2021-12-07 07:45:28.940  INFO 7956 --- [restartedMain] o.s.b.w.embedded.tomcat.TomcatWebServer  : Tomcat started on port(s): 8082 (http) with context path ''
2021-12-07 07:45:28.943  INFO 7956 --- [restartedMain] d.s.w.p.DocumentationPluginsBootstrapper : Context refreshed
2021-12-07 07:45:29.001  INFO 7956 --- [restartedMain] d.s.w.p.DocumentationPluginsBootstrapper : Found 1 custom documentation plugin(s)
2021-12-07 07:45:29.068  INFO 7956 --- [restartedMain] s.d.s.w.s.ApiListingReferenceScanner     : Scanning for api listing references
2021-12-07 07:45:29.476  INFO 7956 --- [restartedMain] .d.s.w.r.o.CachingOperationNameGenerator : Generating unique operation named: getClientUsingGET_1
2021-12-07 07:45:29.496  INFO 7956 --- [restartedMain] .d.s.w.r.o.CachingOperationNameGenerator : Generating unique operation named: handleUsingGET_1
2021-12-07 07:45:29.507  INFO 7956 --- [restartedMain] .d.s.w.r.o.CachingOperationNameGenerator : Generating unique operation named: getAllInstrumentsUsingGET_1
2021-12-07 07:45:29.657  INFO 7956 --- [restartedMain] c.t.c.CapstoneProjectDbsApplication      : Started CapstoneProjectDbsApplication in 11.991 seconds (JVM running for 13.078)
2021-12-07 07:46:09.492  INFO 7956 --- [http-nio-8082-exec-1] o.a.c.c.C.[Tomcat].[localhost].[/]       : Initializing Spring DispatcherServlet 'dispatcherServlet'
2021-12-07 07:46:09.493  INFO 7956 --- [http-nio-8082-exec-1] o.s.web.servlet.DispatcherServlet        : Initializing Servlet 'dispatcherServlet'
2021-12-07 07:46:09.499  INFO 7956 --- [http-nio-8082-exec-1] o.s.web.servlet.DispatcherServlet        : Completed initialization in 4 ms
2021-12-07 08:31:29.212  WARN 7956 --- [HikariPool-1 housekeeper] com.zaxxer.hikari.pool.HikariPool        : HikariPool-1 - Thread starvation or clock leap detected (housekeeper delta=24m4s264ms432µs600ns).
2021-12-07 12:02:09.484  INFO 2068 --- [restartedMain] c.t.c.CapstoneProjectDbsApplication      : Starting CapstoneProjectDbsApplication using Java 15.0.1 on LAPTOP-BEPT0ROL with PID 2068 (C:\Users\Teja\eclipse-workspace\capstone-project-dbs\target\classes started by Teja in C:\Users\Teja\eclipse-workspace\capstone-project-dbs)
2021-12-07 12:02:09.486  INFO 2068 --- [restartedMain] c.t.c.CapstoneProjectDbsApplication      : No active profile set, falling back to default profiles: default
2021-12-07 12:02:09.567  INFO 2068 --- [restartedMain] .e.DevToolsPropertyDefaultsPostProcessor : Devtools property defaults active! Set 'spring.devtools.add-properties' to 'false' to disable
2021-12-07 12:02:09.567  INFO 2068 --- [restartedMain] .e.DevToolsPropertyDefaultsPostProcessor : For additional web related logging consider setting the 'logging.level.web' property to 'DEBUG'
2021-12-07 12:02:11.612  INFO 2068 --- [restartedMain] .s.d.r.c.RepositoryConfigurationDelegate : Bootstrapping Spring Data JPA repositories in DEFAULT mode.
2021-12-07 12:02:11.737  INFO 2068 --- [restartedMain] .s.d.r.c.RepositoryConfigurationDelegate : Finished Spring Data repository scanning in 111 ms. Found 5 JPA repository interfaces.
2021-12-07 12:02:12.977  INFO 2068 --- [restartedMain] o.s.b.w.embedded.tomcat.TomcatWebServer  : Tomcat initialized with port(s): 8082 (http)
2021-12-07 12:02:12.995  INFO 2068 --- [restartedMain] o.apache.catalina.core.StandardService   : Starting service [Tomcat]
2021-12-07 12:02:12.996  INFO 2068 --- [restartedMain] org.apache.catalina.core.StandardEngine  : Starting Servlet engine: [Apache Tomcat/9.0.54]
2021-12-07 12:02:13.203  INFO 2068 --- [restartedMain] o.a.c.c.C.[Tomcat].[localhost].[/]       : Initializing Spring embedded WebApplicationContext
2021-12-07 12:02:13.204  INFO 2068 --- [restartedMain] w.s.c.ServletWebServerApplicationContext : Root WebApplicationContext: initialization completed in 3635 ms
2021-12-07 12:02:13.680  INFO 2068 --- [restartedMain] o.hibernate.jpa.internal.util.LogHelper  : HHH000204: Processing PersistenceUnitInfo [name: default]
2021-12-07 12:02:13.796  INFO 2068 --- [restartedMain] org.hibernate.Version                    : HHH000412: Hibernate ORM core version 5.4.32.Final
2021-12-07 12:02:14.058  INFO 2068 --- [restartedMain] o.hibernate.annotations.common.Version   : HCANN000001: Hibernate Commons Annotations {5.1.2.Final}
2021-12-07 12:02:14.240  INFO 2068 --- [restartedMain] com.zaxxer.hikari.HikariDataSource       : HikariPool-1 - Starting...
2021-12-07 12:02:14.341  INFO 2068 --- [restartedMain] com.zaxxer.hikari.HikariDataSource       : HikariPool-1 - Start completed.
2021-12-07 12:02:14.395  INFO 2068 --- [restartedMain] org.hibernate.dialect.Dialect            : HHH000400: Using dialect: org.hibernate.dialect.MariaDB103Dialect
2021-12-07 12:02:15.625  INFO 2068 --- [restartedMain] o.h.e.t.j.p.i.JtaPlatformInitiator       : HHH000490: Using JtaPlatform implementation: [org.hibernate.engine.transaction.jta.platform.internal.NoJtaPlatform]
2021-12-07 12:02:15.640  INFO 2068 --- [restartedMain] j.LocalContainerEntityManagerFactoryBean : Initialized JPA EntityManagerFactory for persistence unit 'default'
2021-12-07 12:02:16.780  WARN 2068 --- [restartedMain] JpaBaseConfiguration$JpaWebConfiguration : spring.jpa.open-in-view is enabled by default. Therefore, database queries may be performed during view rendering. Explicitly configure spring.jpa.open-in-view to disable this warning
2021-12-07 12:02:17.039  INFO 2068 --- [restartedMain] o.s.b.a.e.web.EndpointLinksResolver      : Exposing 1 endpoint(s) beneath base path '/actuator'
2021-12-07 12:02:17.167  INFO 2068 --- [restartedMain] pertySourcedRequestMappingHandlerMapping : Mapped URL path [/v2/api-docs] onto method [springfox.documentation.swagger2.web.Swagger2Controller#getDocumentation(String, HttpServletRequest)]
2021-12-07 12:02:17.359  INFO 2068 --- [restartedMain] o.s.b.d.a.OptionalLiveReloadServer       : LiveReload server is running on port 35729
2021-12-07 12:02:17.719  INFO 2068 --- [restartedMain] o.s.b.w.embedded.tomcat.TomcatWebServer  : Tomcat started on port(s): 8082 (http) with context path ''
2021-12-07 12:02:17.721  INFO 2068 --- [restartedMain] d.s.w.p.DocumentationPluginsBootstrapper : Context refreshed
2021-12-07 12:02:17.771  INFO 2068 --- [restartedMain] d.s.w.p.DocumentationPluginsBootstrapper : Found 1 custom documentation plugin(s)
2021-12-07 12:02:17.821  INFO 2068 --- [restartedMain] s.d.s.w.s.ApiListingReferenceScanner     : Scanning for api listing references
2021-12-07 12:02:18.117  INFO 2068 --- [restartedMain] .d.s.w.r.o.CachingOperationNameGenerator : Generating unique operation named: getClientUsingGET_1
2021-12-07 12:02:18.133  INFO 2068 --- [restartedMain] .d.s.w.r.o.CachingOperationNameGenerator : Generating unique operation named: handleUsingGET_1
2021-12-07 12:02:18.142  INFO 2068 --- [restartedMain] .d.s.w.r.o.CachingOperationNameGenerator : Generating unique operation named: getAllInstrumentsUsingGET_1
2021-12-07 12:02:18.253  INFO 2068 --- [restartedMain] c.t.c.CapstoneProjectDbsApplication      : Started CapstoneProjectDbsApplication in 9.352 seconds (JVM running for 10.189)
2021-12-07 12:03:40.797  INFO 2068 --- [http-nio-8082-exec-1] o.a.c.c.C.[Tomcat].[localhost].[/]       : Initializing Spring DispatcherServlet 'dispatcherServlet'
2021-12-07 12:03:40.798  INFO 2068 --- [http-nio-8082-exec-1] o.s.web.servlet.DispatcherServlet        : Initializing Servlet 'dispatcherServlet'
2021-12-07 12:03:40.801  INFO 2068 --- [http-nio-8082-exec-1] o.s.web.servlet.DispatcherServlet        : Completed initialization in 2 ms
2021-12-07 12:37:52.418  INFO 11136 --- [restartedMain] c.t.c.CapstoneProjectDbsApplication      : Starting CapstoneProjectDbsApplication using Java 15.0.1 on LAPTOP-BEPT0ROL with PID 11136 (C:\Users\Teja\eclipse-workspace\capstone-project-dbs\target\classes started by Teja in C:\Users\Teja\eclipse-workspace\capstone-project-dbs)
2021-12-07 12:37:52.420  INFO 11136 --- [restartedMain] c.t.c.CapstoneProjectDbsApplication      : No active profile set, falling back to default profiles: default
2021-12-07 12:37:52.510  INFO 11136 --- [restartedMain] .e.DevToolsPropertyDefaultsPostProcessor : Devtools property defaults active! Set 'spring.devtools.add-properties' to 'false' to disable
2021-12-07 12:37:52.510  INFO 11136 --- [restartedMain] .e.DevToolsPropertyDefaultsPostProcessor : For additional web related logging consider setting the 'logging.level.web' property to 'DEBUG'
2021-12-07 12:37:54.586  INFO 11136 --- [restartedMain] .s.d.r.c.RepositoryConfigurationDelegate : Bootstrapping Spring Data JPA repositories in DEFAULT mode.
2021-12-07 12:37:54.736  INFO 11136 --- [restartedMain] .s.d.r.c.RepositoryConfigurationDelegate : Finished Spring Data repository scanning in 133 ms. Found 5 JPA repository interfaces.
2021-12-07 12:37:56.208  INFO 11136 --- [restartedMain] o.s.b.w.embedded.tomcat.TomcatWebServer  : Tomcat initialized with port(s): 8082 (http)
2021-12-07 12:37:56.238  INFO 11136 --- [restartedMain] o.apache.catalina.core.StandardService   : Starting service [Tomcat]
2021-12-07 12:37:56.239  INFO 11136 --- [restartedMain] org.apache.catalina.core.StandardEngine  : Starting Servlet engine: [Apache Tomcat/9.0.54]
2021-12-07 12:37:56.473  INFO 11136 --- [restartedMain] o.a.c.c.C.[Tomcat].[localhost].[/]       : Initializing Spring embedded WebApplicationContext
2021-12-07 12:37:56.473  INFO 11136 --- [restartedMain] w.s.c.ServletWebServerApplicationContext : Root WebApplicationContext: initialization completed in 3961 ms
2021-12-07 12:37:56.981  INFO 11136 --- [restartedMain] o.hibernate.jpa.internal.util.LogHelper  : HHH000204: Processing PersistenceUnitInfo [name: default]
2021-12-07 12:37:57.133  INFO 11136 --- [restartedMain] org.hibernate.Version                    : HHH000412: Hibernate ORM core version 5.4.32.Final
2021-12-07 12:37:57.487  INFO 11136 --- [restartedMain] o.hibernate.annotations.common.Version   : HCANN000001: Hibernate Commons Annotations {5.1.2.Final}
2021-12-07 12:37:57.716  INFO 11136 --- [restartedMain] com.zaxxer.hikari.HikariDataSource       : HikariPool-1 - Starting...
2021-12-07 12:37:57.854  INFO 11136 --- [restartedMain] com.zaxxer.hikari.HikariDataSource       : HikariPool-1 - Start completed.
2021-12-07 12:37:57.918  INFO 11136 --- [restartedMain] org.hibernate.dialect.Dialect            : HHH000400: Using dialect: org.hibernate.dialect.MariaDB103Dialect
2021-12-07 12:37:59.431  INFO 11136 --- [restartedMain] o.h.e.t.j.p.i.JtaPlatformInitiator       : HHH000490: Using JtaPlatform implementation: [org.hibernate.engine.transaction.jta.platform.internal.NoJtaPlatform]
2021-12-07 12:37:59.450  INFO 11136 --- [restartedMain] j.LocalContainerEntityManagerFactoryBean : Initialized JPA EntityManagerFactory for persistence unit 'default'
2021-12-07 12:38:00.852  WARN 11136 --- [restartedMain] JpaBaseConfiguration$JpaWebConfiguration : spring.jpa.open-in-view is enabled by default. Therefore, database queries may be performed during view rendering. Explicitly configure spring.jpa.open-in-view to disable this warning
2021-12-07 12:38:01.151  INFO 11136 --- [restartedMain] o.s.b.a.e.web.EndpointLinksResolver      : Exposing 1 endpoint(s) beneath base path '/actuator'
2021-12-07 12:38:01.303  INFO 11136 --- [restartedMain] pertySourcedRequestMappingHandlerMapping : Mapped URL path [/v2/api-docs] onto method [springfox.documentation.swagger2.web.Swagger2Controller#getDocumentation(String, HttpServletRequest)]
2021-12-07 12:38:01.521  WARN 11136 --- [restartedMain] o.s.b.d.a.OptionalLiveReloadServer       : Unable to start LiveReload server
2021-12-07 12:38:01.908  WARN 11136 --- [restartedMain] ConfigServletWebServerApplicationContext : Exception encountered during context initialization - cancelling refresh attempt: org.springframework.context.ApplicationContextException: Failed to start bean 'webServerStartStop'; nested exception is org.springframework.boot.web.server.PortInUseException: Port 8082 is already in use
2021-12-07 12:38:01.924  INFO 11136 --- [restartedMain] j.LocalContainerEntityManagerFactoryBean : Closing JPA EntityManagerFactory for persistence unit 'default'
2021-12-07 12:38:01.931  INFO 11136 --- [restartedMain] com.zaxxer.hikari.HikariDataSource       : HikariPool-1 - Shutdown initiated...
2021-12-07 12:38:01.936  INFO 11136 --- [restartedMain] com.zaxxer.hikari.HikariDataSource       : HikariPool-1 - Shutdown completed.
2021-12-07 12:38:01.945  INFO 11136 --- [restartedMain] o.apache.catalina.core.StandardService   : Stopping service [Tomcat]
2021-12-07 12:38:01.978  INFO 11136 --- [restartedMain] ConditionEvaluationReportLoggingListener : 

Error starting ApplicationContext. To display the conditions report re-run your application with 'debug' enabled.
2021-12-07 12:38:02.022 ERROR 11136 --- [restartedMain] o.s.b.d.LoggingFailureAnalysisReporter   : 

***************************
APPLICATION FAILED TO START
***************************

Description:

Web server failed to start. Port 8082 was already in use.

Action:

Identify and stop the process that's listening on port 8082 or configure this application to listen on another port.

2021-12-07 12:38:18.466  INFO 12180 --- [restartedMain] c.t.c.CapstoneProjectDbsApplication      : Starting CapstoneProjectDbsApplication using Java 15.0.1 on LAPTOP-BEPT0ROL with PID 12180 (C:\Users\Teja\eclipse-workspace\capstone-project-dbs\target\classes started by Teja in C:\Users\Teja\eclipse-workspace\capstone-project-dbs)
2021-12-07 12:38:18.468  INFO 12180 --- [restartedMain] c.t.c.CapstoneProjectDbsApplication      : No active profile set, falling back to default profiles: default
2021-12-07 12:38:18.555  INFO 12180 --- [restartedMain] .e.DevToolsPropertyDefaultsPostProcessor : Devtools property defaults active! Set 'spring.devtools.add-properties' to 'false' to disable
2021-12-07 12:38:18.555  INFO 12180 --- [restartedMain] .e.DevToolsPropertyDefaultsPostProcessor : For additional web related logging consider setting the 'logging.level.web' property to 'DEBUG'
2021-12-07 12:38:20.793  INFO 12180 --- [restartedMain] .s.d.r.c.RepositoryConfigurationDelegate : Bootstrapping Spring Data JPA repositories in DEFAULT mode.
2021-12-07 12:38:20.944  INFO 12180 --- [restartedMain] .s.d.r.c.RepositoryConfigurationDelegate : Finished Spring Data repository scanning in 134 ms. Found 5 JPA repository interfaces.
2021-12-07 12:38:22.380  INFO 12180 --- [restartedMain] o.s.b.w.embedded.tomcat.TomcatWebServer  : Tomcat initialized with port(s): 8082 (http)
2021-12-07 12:38:22.412  INFO 12180 --- [restartedMain] o.apache.catalina.core.StandardService   : Starting service [Tomcat]
2021-12-07 12:38:22.414  INFO 12180 --- [restartedMain] org.apache.catalina.core.StandardEngine  : Starting Servlet engine: [Apache Tomcat/9.0.54]
2021-12-07 12:38:22.650  INFO 12180 --- [restartedMain] o.a.c.c.C.[Tomcat].[localhost].[/]       : Initializing Spring embedded WebApplicationContext
2021-12-07 12:38:22.651  INFO 12180 --- [restartedMain] w.s.c.ServletWebServerApplicationContext : Root WebApplicationContext: initialization completed in 4095 ms
2021-12-07 12:38:23.272  INFO 12180 --- [restartedMain] o.hibernate.jpa.internal.util.LogHelper  : HHH000204: Processing PersistenceUnitInfo [name: default]
2021-12-07 12:38:23.446  INFO 12180 --- [restartedMain] org.hibernate.Version                    : HHH000412: Hibernate ORM core version 5.4.32.Final
2021-12-07 12:38:23.768  INFO 12180 --- [restartedMain] o.hibernate.annotations.common.Version   : HCANN000001: Hibernate Commons Annotations {5.1.2.Final}
2021-12-07 12:38:23.970  INFO 12180 --- [restartedMain] com.zaxxer.hikari.HikariDataSource       : HikariPool-1 - Starting...
2021-12-07 12:38:24.097  INFO 12180 --- [restartedMain] com.zaxxer.hikari.HikariDataSource       : HikariPool-1 - Start completed.
2021-12-07 12:38:24.152  INFO 12180 --- [restartedMain] org.hibernate.dialect.Dialect            : HHH000400: Using dialect: org.hibernate.dialect.MariaDB103Dialect
2021-12-07 12:38:25.409  INFO 12180 --- [restartedMain] o.h.e.t.j.p.i.JtaPlatformInitiator       : HHH000490: Using JtaPlatform implementation: [org.hibernate.engine.transaction.jta.platform.internal.NoJtaPlatform]
2021-12-07 12:38:25.422  INFO 12180 --- [restartedMain] j.LocalContainerEntityManagerFactoryBean : Initialized JPA EntityManagerFactory for persistence unit 'default'
2021-12-07 12:38:26.729  WARN 12180 --- [restartedMain] JpaBaseConfiguration$JpaWebConfiguration : spring.jpa.open-in-view is enabled by default. Therefore, database queries may be performed during view rendering. Explicitly configure spring.jpa.open-in-view to disable this warning
2021-12-07 12:38:27.047  INFO 12180 --- [restartedMain] o.s.b.a.e.web.EndpointLinksResolver      : Exposing 1 endpoint(s) beneath base path '/actuator'
2021-12-07 12:38:27.208  INFO 12180 --- [restartedMain] pertySourcedRequestMappingHandlerMapping : Mapped URL path [/v2/api-docs] onto method [springfox.documentation.swagger2.web.Swagger2Controller#getDocumentation(String, HttpServletRequest)]
2021-12-07 12:38:27.443  INFO 12180 --- [restartedMain] o.s.b.d.a.OptionalLiveReloadServer       : LiveReload server is running on port 35729
2021-12-07 12:38:27.873  INFO 12180 --- [restartedMain] o.s.b.w.embedded.tomcat.TomcatWebServer  : Tomcat started on port(s): 8082 (http) with context path ''
2021-12-07 12:38:27.876  INFO 12180 --- [restartedMain] d.s.w.p.DocumentationPluginsBootstrapper : Context refreshed
2021-12-07 12:38:27.927  INFO 12180 --- [restartedMain] d.s.w.p.DocumentationPluginsBootstrapper : Found 1 custom documentation plugin(s)
2021-12-07 12:38:27.983  INFO 12180 --- [restartedMain] s.d.s.w.s.ApiListingReferenceScanner     : Scanning for api listing references
2021-12-07 12:38:28.362  INFO 12180 --- [restartedMain] .d.s.w.r.o.CachingOperationNameGenerator : Generating unique operation named: getClientUsingGET_1
2021-12-07 12:38:28.378  INFO 12180 --- [restartedMain] .d.s.w.r.o.CachingOperationNameGenerator : Generating unique operation named: handleUsingGET_1
2021-12-07 12:38:28.396  INFO 12180 --- [restartedMain] .d.s.w.r.o.CachingOperationNameGenerator : Generating unique operation named: getAllInstrumentsUsingGET_1
2021-12-07 12:38:28.530  INFO 12180 --- [restartedMain] c.t.c.CapstoneProjectDbsApplication      : Started CapstoneProjectDbsApplication in 10.701 seconds (JVM running for 11.611)
2021-12-07 12:38:39.056  INFO 12180 --- [http-nio-8082-exec-1] o.a.c.c.C.[Tomcat].[localhost].[/]       : Initializing Spring DispatcherServlet 'dispatcherServlet'
2021-12-07 12:38:39.056  INFO 12180 --- [http-nio-8082-exec-1] o.s.web.servlet.DispatcherServlet        : Initializing Servlet 'dispatcherServlet'
2021-12-07 12:38:39.058  INFO 12180 --- [http-nio-8082-exec-1] o.s.web.servlet.DispatcherServlet        : Completed initialization in 1 ms
2021-12-07 12:50:22.541  INFO 12180 --- [Thread-4] j.LocalContainerEntityManagerFactoryBean : Closing JPA EntityManagerFactory for persistence unit 'default'
2021-12-07 12:50:22.547  INFO 12180 --- [Thread-4] com.zaxxer.hikari.HikariDataSource       : HikariPool-1 - Shutdown initiated...
2021-12-07 12:50:22.553  INFO 12180 --- [Thread-4] com.zaxxer.hikari.HikariDataSource       : HikariPool-1 - Shutdown completed.
2021-12-07 12:50:22.706  INFO 12180 --- [restartedMain] c.t.c.CapstoneProjectDbsApplication      : Starting CapstoneProjectDbsApplication using Java 15.0.1 on LAPTOP-BEPT0ROL with PID 12180 (C:\Users\Teja\eclipse-workspace\capstone-project-dbs\target\classes started by Teja in C:\Users\Teja\eclipse-workspace\capstone-project-dbs)
2021-12-07 12:50:22.707  INFO 12180 --- [restartedMain] c.t.c.CapstoneProjectDbsApplication      : No active profile set, falling back to default profiles: default
2021-12-07 12:50:23.712  INFO 12180 --- [restartedMain] .s.d.r.c.RepositoryConfigurationDelegate : Bootstrapping Spring Data JPA repositories in DEFAULT mode.
2021-12-07 12:50:23.761  INFO 12180 --- [restartedMain] .s.d.r.c.RepositoryConfigurationDelegate : Finished Spring Data repository scanning in 48 ms. Found 5 JPA repository interfaces.
2021-12-07 12:50:23.994  INFO 12180 --- [restartedMain] o.s.b.w.embedded.tomcat.TomcatWebServer  : Tomcat initialized with port(s): 8082 (http)
2021-12-07 12:50:23.997  INFO 12180 --- [restartedMain] o.apache.catalina.core.StandardService   : Starting service [Tomcat]
2021-12-07 12:50:23.997  INFO 12180 --- [restartedMain] org.apache.catalina.core.StandardEngine  : Starting Servlet engine: [Apache Tomcat/9.0.54]
2021-12-07 12:50:24.061  INFO 12180 --- [restartedMain] o.a.c.c.C.[Tomcat].[localhost].[/]       : Initializing Spring embedded WebApplicationContext
2021-12-07 12:50:24.062  INFO 12180 --- [restartedMain] w.s.c.ServletWebServerApplicationContext : Root WebApplicationContext: initialization completed in 1351 ms
2021-12-07 12:50:24.197  INFO 12180 --- [restartedMain] o.hibernate.jpa.internal.util.LogHelper  : HHH000204: Processing PersistenceUnitInfo [name: default]
2021-12-07 12:50:24.209  INFO 12180 --- [restartedMain] com.zaxxer.hikari.HikariDataSource       : HikariPool-2 - Starting...
2021-12-07 12:50:24.216  INFO 12180 --- [restartedMain] com.zaxxer.hikari.HikariDataSource       : HikariPool-2 - Start completed.
2021-12-07 12:50:24.216  INFO 12180 --- [restartedMain] org.hibernate.dialect.Dialect            : HHH000400: Using dialect: org.hibernate.dialect.MariaDB103Dialect
2021-12-07 12:50:24.452  INFO 12180 --- [restartedMain] o.h.e.t.j.p.i.JtaPlatformInitiator       : HHH000490: Using JtaPlatform implementation: [org.hibernate.engine.transaction.jta.platform.internal.NoJtaPlatform]
2021-12-07 12:50:24.453  INFO 12180 --- [restartedMain] j.LocalContainerEntityManagerFactoryBean : Initialized JPA EntityManagerFactory for persistence unit 'default'
2021-12-07 12:50:24.930  WARN 12180 --- [restartedMain] JpaBaseConfiguration$JpaWebConfiguration : spring.jpa.open-in-view is enabled by default. Therefore, database queries may be performed during view rendering. Explicitly configure spring.jpa.open-in-view to disable this warning
2021-12-07 12:50:25.012  INFO 12180 --- [restartedMain] o.s.b.a.e.web.EndpointLinksResolver      : Exposing 1 endpoint(s) beneath base path '/actuator'
2021-12-07 12:50:25.050  INFO 12180 --- [restartedMain] pertySourcedRequestMappingHandlerMapping : Mapped URL path [/v2/api-docs] onto method [springfox.documentation.swagger2.web.Swagger2Controller#getDocumentation(String, HttpServletRequest)]
2021-12-07 12:50:25.118  INFO 12180 --- [restartedMain] o.s.b.d.a.OptionalLiveReloadServer       : LiveReload server is running on port 35729
2021-12-07 12:50:25.207  INFO 12180 --- [restartedMain] o.s.b.w.embedded.tomcat.TomcatWebServer  : Tomcat started on port(s): 8082 (http) with context path ''
2021-12-07 12:50:25.208  INFO 12180 --- [restartedMain] d.s.w.p.DocumentationPluginsBootstrapper : Context refreshed
2021-12-07 12:50:25.209  INFO 12180 --- [restartedMain] d.s.w.p.DocumentationPluginsBootstrapper : Found 1 custom documentation plugin(s)
2021-12-07 12:50:25.217  INFO 12180 --- [restartedMain] s.d.s.w.s.ApiListingReferenceScanner     : Scanning for api listing references
2021-12-07 12:50:25.274  INFO 12180 --- [restartedMain] .d.s.w.r.o.CachingOperationNameGenerator : Generating unique operation named: getClientUsingGET_1
2021-12-07 12:50:25.286  INFO 12180 --- [restartedMain] .d.s.w.r.o.CachingOperationNameGenerator : Generating unique operation named: handleUsingGET_1
2021-12-07 12:50:25.293  INFO 12180 --- [restartedMain] .d.s.w.r.o.CachingOperationNameGenerator : Generating unique operation named: getAllInstrumentsUsingGET_1
2021-12-07 12:50:25.346  INFO 12180 --- [restartedMain] c.t.c.CapstoneProjectDbsApplication      : Started CapstoneProjectDbsApplication in 2.713 seconds (JVM running for 728.427)
2021-12-07 12:50:25.351  INFO 12180 --- [restartedMain] .ConditionEvaluationDeltaLoggingListener : Condition evaluation unchanged
2021-12-07 12:50:30.221  INFO 12180 --- [http-nio-8082-exec-1] o.a.c.c.C.[Tomcat].[localhost].[/]       : Initializing Spring DispatcherServlet 'dispatcherServlet'
2021-12-07 12:50:30.221  INFO 12180 --- [http-nio-8082-exec-1] o.s.web.servlet.DispatcherServlet        : Initializing Servlet 'dispatcherServlet'
2021-12-07 12:50:30.223  INFO 12180 --- [http-nio-8082-exec-1] o.s.web.servlet.DispatcherServlet        : Completed initialization in 1 ms
2021-12-07 12:50:30.237  WARN 12180 --- [http-nio-8082-exec-1] o.h.engine.jdbc.spi.SqlExceptionHelper   : SQL Error: 1064, SQLState: 42000
2021-12-07 12:50:30.237 ERROR 12180 --- [http-nio-8082-exec-1] o.h.engine.jdbc.spi.SqlExceptionHelper   : (conn=175) You have an error in your SQL syntax; check the manual that corresponds to your MariaDB server version for the right syntax to use near ')) as totalSell,sum(if(ob.order_direction = 'BUY' and ob.order_status='COMPLE...' at line 1
2021-12-07 12:50:30.255  WARN 12180 --- [http-nio-8082-exec-1] .m.m.a.ExceptionHandlerExceptionResolver : Resolved [org.springframework.dao.InvalidDataAccessResourceUsageException: could not extract ResultSet; SQL [n/a]; nested exception is org.hibernate.exception.SQLGrammarException: could not extract ResultSet]
2021-12-07 12:50:38.352  WARN 12180 --- [http-nio-8082-exec-2] o.h.engine.jdbc.spi.SqlExceptionHelper   : SQL Error: 1064, SQLState: 42000
2021-12-07 12:50:38.353 ERROR 12180 --- [http-nio-8082-exec-2] o.h.engine.jdbc.spi.SqlExceptionHelper   : (conn=175) You have an error in your SQL syntax; check the manual that corresponds to your MariaDB server version for the right syntax to use near ')) as totalSell,sum(if(ob.order_direction = 'BUY' and ob.order_status='COMPLE...' at line 1
2021-12-07 12:50:38.363  WARN 12180 --- [http-nio-8082-exec-2] .m.m.a.ExceptionHandlerExceptionResolver : Resolved [org.springframework.dao.InvalidDataAccessResourceUsageException: could not extract ResultSet; SQL [n/a]; nested exception is org.hibernate.exception.SQLGrammarException: could not extract ResultSet]
2021-12-07 12:50:48.359  INFO 12180 --- [Thread-7] j.LocalContainerEntityManagerFactoryBean : Closing JPA EntityManagerFactory for persistence unit 'default'
2021-12-07 12:50:48.360  INFO 12180 --- [Thread-7] com.zaxxer.hikari.HikariDataSource       : HikariPool-2 - Shutdown initiated...
2021-12-07 12:50:48.362  INFO 12180 --- [Thread-7] com.zaxxer.hikari.HikariDataSource       : HikariPool-2 - Shutdown completed.
2021-12-07 12:50:48.493  INFO 12180 --- [restartedMain] c.t.c.CapstoneProjectDbsApplication      : Starting CapstoneProjectDbsApplication using Java 15.0.1 on LAPTOP-BEPT0ROL with PID 12180 (C:\Users\Teja\eclipse-workspace\capstone-project-dbs\target\classes started by Teja in C:\Users\Teja\eclipse-workspace\capstone-project-dbs)
2021-12-07 12:50:48.494  INFO 12180 --- [restartedMain] c.t.c.CapstoneProjectDbsApplication      : No active profile set, falling back to default profiles: default
2021-12-07 12:50:49.442  INFO 12180 --- [restartedMain] .s.d.r.c.RepositoryConfigurationDelegate : Bootstrapping Spring Data JPA repositories in DEFAULT mode.
2021-12-07 12:50:49.499  INFO 12180 --- [restartedMain] .s.d.r.c.RepositoryConfigurationDelegate : Finished Spring Data repository scanning in 57 ms. Found 5 JPA repository interfaces.
2021-12-07 12:50:49.675  INFO 12180 --- [restartedMain] o.s.b.w.embedded.tomcat.TomcatWebServer  : Tomcat initialized with port(s): 8082 (http)
2021-12-07 12:50:49.676  INFO 12180 --- [restartedMain] o.apache.catalina.core.StandardService   : Starting service [Tomcat]
2021-12-07 12:50:49.677  INFO 12180 --- [restartedMain] org.apache.catalina.core.StandardEngine  : Starting Servlet engine: [Apache Tomcat/9.0.54]
2021-12-07 12:50:49.731  INFO 12180 --- [restartedMain] o.a.c.c.C.[Tomcat].[localhost].[/]       : Initializing Spring embedded WebApplicationContext
2021-12-07 12:50:49.732  INFO 12180 --- [restartedMain] w.s.c.ServletWebServerApplicationContext : Root WebApplicationContext: initialization completed in 1232 ms
2021-12-07 12:50:49.840  INFO 12180 --- [restartedMain] o.hibernate.jpa.internal.util.LogHelper  : HHH000204: Processing PersistenceUnitInfo [name: default]
2021-12-07 12:50:49.854  INFO 12180 --- [restartedMain] com.zaxxer.hikari.HikariDataSource       : HikariPool-3 - Starting...
2021-12-07 12:50:49.857  INFO 12180 --- [restartedMain] com.zaxxer.hikari.HikariDataSource       : HikariPool-3 - Start completed.
2021-12-07 12:50:49.857  INFO 12180 --- [restartedMain] org.hibernate.dialect.Dialect            : HHH000400: Using dialect: org.hibernate.dialect.MariaDB103Dialect
2021-12-07 12:50:50.115  INFO 12180 --- [restartedMain] o.h.e.t.j.p.i.JtaPlatformInitiator       : HHH000490: Using JtaPlatform implementation: [org.hibernate.engine.transaction.jta.platform.internal.NoJtaPlatform]
2021-12-07 12:50:50.116  INFO 12180 --- [restartedMain] j.LocalContainerEntityManagerFactoryBean : Initialized JPA EntityManagerFactory for persistence unit 'default'
2021-12-07 12:50:50.516  WARN 12180 --- [restartedMain] JpaBaseConfiguration$JpaWebConfiguration : spring.jpa.open-in-view is enabled by default. Therefore, database queries may be performed during view rendering. Explicitly configure spring.jpa.open-in-view to disable this warning
2021-12-07 12:50:50.588  INFO 12180 --- [restartedMain] o.s.b.a.e.web.EndpointLinksResolver      : Exposing 1 endpoint(s) beneath base path '/actuator'
2021-12-07 12:50:50.637  INFO 12180 --- [restartedMain] pertySourcedRequestMappingHandlerMapping : Mapped URL path [/v2/api-docs] onto method [springfox.documentation.swagger2.web.Swagger2Controller#getDocumentation(String, HttpServletRequest)]
2021-12-07 12:50:50.704  INFO 12180 --- [restartedMain] o.s.b.d.a.OptionalLiveReloadServer       : LiveReload server is running on port 35729
2021-12-07 12:50:50.781  INFO 12180 --- [restartedMain] o.s.b.w.embedded.tomcat.TomcatWebServer  : Tomcat started on port(s): 8082 (http) with context path ''
2021-12-07 12:50:50.782  INFO 12180 --- [restartedMain] d.s.w.p.DocumentationPluginsBootstrapper : Context refreshed
2021-12-07 12:50:50.783  INFO 12180 --- [restartedMain] d.s.w.p.DocumentationPluginsBootstrapper : Found 1 custom documentation plugin(s)
2021-12-07 12:50:50.789  INFO 12180 --- [restartedMain] s.d.s.w.s.ApiListingReferenceScanner     : Scanning for api listing references
2021-12-07 12:50:50.832  INFO 12180 --- [restartedMain] .d.s.w.r.o.CachingOperationNameGenerator : Generating unique operation named: getClientUsingGET_1
2021-12-07 12:50:50.838  INFO 12180 --- [restartedMain] .d.s.w.r.o.CachingOperationNameGenerator : Generating unique operation named: handleUsingGET_1
2021-12-07 12:50:50.841  INFO 12180 --- [restartedMain] .d.s.w.r.o.CachingOperationNameGenerator : Generating unique operation named: getAllInstrumentsUsingGET_1
2021-12-07 12:50:50.899  INFO 12180 --- [restartedMain] c.t.c.CapstoneProjectDbsApplication      : Started CapstoneProjectDbsApplication in 2.467 seconds (JVM running for 753.981)
2021-12-07 12:50:50.907  INFO 12180 --- [http-nio-8082-exec-1] o.a.c.c.C.[Tomcat].[localhost].[/]       : Initializing Spring DispatcherServlet 'dispatcherServlet'
2021-12-07 12:50:50.907  INFO 12180 --- [restartedMain] .ConditionEvaluationDeltaLoggingListener : Condition evaluation unchanged
2021-12-07 12:50:50.908  INFO 12180 --- [http-nio-8082-exec-1] o.s.web.servlet.DispatcherServlet        : Initializing Servlet 'dispatcherServlet'
2021-12-07 12:50:50.912  INFO 12180 --- [http-nio-8082-exec-1] o.s.web.servlet.DispatcherServlet        : Completed initialization in 4 ms
2021-12-07 13:31:27.458  WARN 12180 --- [HikariPool-3 housekeeper] com.zaxxer.hikari.pool.HikariPool        : HikariPool-3 - Thread starvation or clock leap detected (housekeeper delta=7m36s945ms499µs700ns).
2021-12-07 13:33:05.440  INFO 12180 --- [Thread-11] j.LocalContainerEntityManagerFactoryBean : Closing JPA EntityManagerFactory for persistence unit 'default'
2021-12-07 13:33:05.441  INFO 12180 --- [Thread-11] com.zaxxer.hikari.HikariDataSource       : HikariPool-3 - Shutdown initiated...
2021-12-07 13:33:05.446  INFO 12180 --- [Thread-11] com.zaxxer.hikari.HikariDataSource       : HikariPool-3 - Shutdown completed.
2021-12-07 13:33:05.674  INFO 12180 --- [restartedMain] c.t.c.CapstoneProjectDbsApplication      : Starting CapstoneProjectDbsApplication using Java 15.0.1 on LAPTOP-BEPT0ROL with PID 12180 (C:\Users\Teja\eclipse-workspace\capstone-project-dbs\target\classes started by Teja in C:\Users\Teja\eclipse-workspace\capstone-project-dbs)
2021-12-07 13:33:05.675  INFO 12180 --- [restartedMain] c.t.c.CapstoneProjectDbsApplication      : No active profile set, falling back to default profiles: default
2021-12-07 13:33:06.360  INFO 12180 --- [restartedMain] .s.d.r.c.RepositoryConfigurationDelegate : Bootstrapping Spring Data JPA repositories in DEFAULT mode.
2021-12-07 13:33:06.362  INFO 12180 --- [restartedMain] .s.d.r.c.RepositoryConfigurationDelegate : Finished Spring Data repository scanning in 1 ms. Found 0 JPA repository interfaces.
2021-12-07 13:33:06.593  INFO 12180 --- [restartedMain] o.s.b.w.embedded.tomcat.TomcatWebServer  : Tomcat initialized with port(s): 8082 (http)
2021-12-07 13:33:06.595  INFO 12180 --- [restartedMain] o.apache.catalina.core.StandardService   : Starting service [Tomcat]
2021-12-07 13:33:06.595  INFO 12180 --- [restartedMain] org.apache.catalina.core.StandardEngine  : Starting Servlet engine: [Apache Tomcat/9.0.54]
2021-12-07 13:33:06.645  INFO 12180 --- [restartedMain] o.a.c.c.C.[Tomcat].[localhost].[/]       : Initializing Spring embedded WebApplicationContext
2021-12-07 13:33:06.645  INFO 12180 --- [restartedMain] w.s.c.ServletWebServerApplicationContext : Root WebApplicationContext: initialization completed in 961 ms
2021-12-07 13:33:06.750  INFO 12180 --- [restartedMain] o.hibernate.jpa.internal.util.LogHelper  : HHH000204: Processing PersistenceUnitInfo [name: default]
2021-12-07 13:33:06.761  INFO 12180 --- [restartedMain] com.zaxxer.hikari.HikariDataSource       : HikariPool-4 - Starting...
2021-12-07 13:33:06.765  INFO 12180 --- [restartedMain] com.zaxxer.hikari.HikariDataSource       : HikariPool-4 - Start completed.
2021-12-07 13:33:06.766  INFO 12180 --- [restartedMain] org.hibernate.dialect.Dialect            : HHH000400: Using dialect: org.hibernate.dialect.MariaDB103Dialect
2021-12-07 13:33:06.813  INFO 12180 --- [restartedMain] o.h.e.t.j.p.i.JtaPlatformInitiator       : HHH000490: Using JtaPlatform implementation: [org.hibernate.engine.transaction.jta.platform.internal.NoJtaPlatform]
2021-12-07 13:33:06.814  INFO 12180 --- [restartedMain] j.LocalContainerEntityManagerFactoryBean : Initialized JPA EntityManagerFactory for persistence unit 'default'
2021-12-07 13:33:06.859  WARN 12180 --- [restartedMain] JpaBaseConfiguration$JpaWebConfiguration : spring.jpa.open-in-view is enabled by default. Therefore, database queries may be performed during view rendering. Explicitly configure spring.jpa.open-in-view to disable this warning
2021-12-07 13:33:07.071  INFO 12180 --- [restartedMain] o.s.b.d.a.OptionalLiveReloadServer       : LiveReload server is running on port 35729
2021-12-07 13:33:07.077  INFO 12180 --- [restartedMain] o.s.b.a.e.web.EndpointLinksResolver      : Exposing 1 endpoint(s) beneath base path '/actuator'
2021-12-07 13:33:07.094  INFO 12180 --- [restartedMain] o.s.b.w.embedded.tomcat.TomcatWebServer  : Tomcat started on port(s): 8082 (http) with context path ''
2021-12-07 13:33:07.101  INFO 12180 --- [restartedMain] c.t.c.CapstoneProjectDbsApplication      : Started CapstoneProjectDbsApplication in 1.544 seconds (JVM running for 3290.206)
2021-12-07 13:33:07.105  INFO 12180 --- [restartedMain] .ConditionEvaluationDeltaLoggingListener : Condition evaluation unchanged
2021-12-07 13:35:41.653  INFO 12180 --- [Thread-15] j.LocalContainerEntityManagerFactoryBean : Closing JPA EntityManagerFactory for persistence unit 'default'
2021-12-07 13:35:41.658  INFO 12180 --- [Thread-15] com.zaxxer.hikari.HikariDataSource       : HikariPool-4 - Shutdown initiated...
2021-12-07 13:35:41.665  INFO 12180 --- [Thread-15] com.zaxxer.hikari.HikariDataSource       : HikariPool-4 - Shutdown completed.
2021-12-07 13:35:41.820  INFO 12180 --- [restartedMain] c.t.c.CapstoneProjectDbsApplication      : Starting CapstoneProjectDbsApplication using Java 15.0.1 on LAPTOP-BEPT0ROL with PID 12180 (C:\Users\Teja\eclipse-workspace\capstone-project-dbs\target\classes started by Teja in C:\Users\Teja\eclipse-workspace\capstone-project-dbs)
2021-12-07 13:35:41.820  INFO 12180 --- [restartedMain] c.t.c.CapstoneProjectDbsApplication      : No active profile set, falling back to default profiles: default
2021-12-07 13:35:42.297  INFO 12180 --- [restartedMain] .s.d.r.c.RepositoryConfigurationDelegate : Bootstrapping Spring Data JPA repositories in DEFAULT mode.
2021-12-07 13:35:42.299  INFO 12180 --- [restartedMain] .s.d.r.c.RepositoryConfigurationDelegate : Finished Spring Data repository scanning in 1 ms. Found 0 JPA repository interfaces.
2021-12-07 13:35:42.432  INFO 12180 --- [restartedMain] o.s.b.w.embedded.tomcat.TomcatWebServer  : Tomcat initialized with port(s): 8082 (http)
2021-12-07 13:35:42.433  INFO 12180 --- [restartedMain] o.apache.catalina.core.StandardService   : Starting service [Tomcat]
2021-12-07 13:35:42.433  INFO 12180 --- [restartedMain] org.apache.catalina.core.StandardEngine  : Starting Servlet engine: [Apache Tomcat/9.0.54]
2021-12-07 13:35:42.490  INFO 12180 --- [restartedMain] o.a.c.c.C.[Tomcat].[localhost].[/]       : Initializing Spring embedded WebApplicationContext
2021-12-07 13:35:42.490  INFO 12180 --- [restartedMain] w.s.c.ServletWebServerApplicationContext : Root WebApplicationContext: initialization completed in 665 ms
2021-12-07 13:35:42.563  INFO 12180 --- [restartedMain] o.hibernate.jpa.internal.util.LogHelper  : HHH000204: Processing PersistenceUnitInfo [name: default]
2021-12-07 13:35:42.575  INFO 12180 --- [restartedMain] com.zaxxer.hikari.HikariDataSource       : HikariPool-5 - Starting...
2021-12-07 13:35:42.580  INFO 12180 --- [restartedMain] com.zaxxer.hikari.HikariDataSource       : HikariPool-5 - Start completed.
2021-12-07 13:35:42.580  INFO 12180 --- [restartedMain] org.hibernate.dialect.Dialect            : HHH000400: Using dialect: org.hibernate.dialect.MariaDB103Dialect
2021-12-07 13:35:42.627  INFO 12180 --- [restartedMain] o.h.e.t.j.p.i.JtaPlatformInitiator       : HHH000490: Using JtaPlatform implementation: [org.hibernate.engine.transaction.jta.platform.internal.NoJtaPlatform]
2021-12-07 13:35:42.628  INFO 12180 --- [restartedMain] j.LocalContainerEntityManagerFactoryBean : Initialized JPA EntityManagerFactory for persistence unit 'default'
2021-12-07 13:35:42.659  WARN 12180 --- [restartedMain] JpaBaseConfiguration$JpaWebConfiguration : spring.jpa.open-in-view is enabled by default. Therefore, database queries may be performed during view rendering. Explicitly configure spring.jpa.open-in-view to disable this warning
2021-12-07 13:35:42.848  INFO 12180 --- [restartedMain] o.s.b.d.a.OptionalLiveReloadServer       : LiveReload server is running on port 35729
2021-12-07 13:35:42.853  INFO 12180 --- [restartedMain] o.s.b.a.e.web.EndpointLinksResolver      : Exposing 1 endpoint(s) beneath base path '/actuator'
2021-12-07 13:35:42.868  INFO 12180 --- [restartedMain] o.s.b.w.embedded.tomcat.TomcatWebServer  : Tomcat started on port(s): 8082 (http) with context path ''
2021-12-07 13:35:42.877  INFO 12180 --- [restartedMain] c.t.c.CapstoneProjectDbsApplication      : Started CapstoneProjectDbsApplication in 1.11 seconds (JVM running for 3445.982)
2021-12-07 13:35:42.881  INFO 12180 --- [restartedMain] .ConditionEvaluationDeltaLoggingListener : Condition evaluation unchanged
2021-12-07 14:26:46.786  INFO 12180 --- [http-nio-8082-exec-1] o.a.c.c.C.[Tomcat].[localhost].[/]       : Initializing Spring DispatcherServlet 'dispatcherServlet'
2021-12-07 14:26:46.800  INFO 12180 --- [http-nio-8082-exec-1] o.s.web.servlet.DispatcherServlet        : Initializing Servlet 'dispatcherServlet'
2021-12-07 14:26:46.824  INFO 12180 --- [http-nio-8082-exec-1] o.s.web.servlet.DispatcherServlet        : Completed initialization in 24 ms
2021-12-07 14:28:25.117  INFO 14948 --- [restartedMain] c.t.c.CapstoneProjectDbsApplication      : Starting CapstoneProjectDbsApplication using Java 15.0.1 on LAPTOP-BEPT0ROL with PID 14948 (C:\Users\Teja\eclipse-workspace\capstone-project-dbs\target\classes started by Teja in C:\Users\Teja\eclipse-workspace\capstone-project-dbs)
2021-12-07 14:28:25.119  INFO 14948 --- [restartedMain] c.t.c.CapstoneProjectDbsApplication      : No active profile set, falling back to default profiles: default
2021-12-07 14:28:25.232  INFO 14948 --- [restartedMain] .e.DevToolsPropertyDefaultsPostProcessor : Devtools property defaults active! Set 'spring.devtools.add-properties' to 'false' to disable
2021-12-07 14:28:25.233  INFO 14948 --- [restartedMain] .e.DevToolsPropertyDefaultsPostProcessor : For additional web related logging consider setting the 'logging.level.web' property to 'DEBUG'
2021-12-07 14:28:28.010  INFO 14948 --- [restartedMain] .s.d.r.c.RepositoryConfigurationDelegate : Bootstrapping Spring Data JPA repositories in DEFAULT mode.
2021-12-07 14:28:28.193  INFO 14948 --- [restartedMain] .s.d.r.c.RepositoryConfigurationDelegate : Finished Spring Data repository scanning in 164 ms. Found 5 JPA repository interfaces.
2021-12-07 14:28:29.896  INFO 14948 --- [restartedMain] o.s.b.w.embedded.tomcat.TomcatWebServer  : Tomcat initialized with port(s): 8082 (http)
2021-12-07 14:28:29.930  INFO 14948 --- [restartedMain] o.apache.catalina.core.StandardService   : Starting service [Tomcat]
2021-12-07 14:28:29.931  INFO 14948 --- [restartedMain] org.apache.catalina.core.StandardEngine  : Starting Servlet engine: [Apache Tomcat/9.0.54]
2021-12-07 14:28:30.243  INFO 14948 --- [restartedMain] o.a.c.c.C.[Tomcat].[localhost].[/]       : Initializing Spring embedded WebApplicationContext
2021-12-07 14:28:30.245  INFO 14948 --- [restartedMain] w.s.c.ServletWebServerApplicationContext : Root WebApplicationContext: initialization completed in 5010 ms
2021-12-07 14:28:30.896  INFO 14948 --- [restartedMain] o.hibernate.jpa.internal.util.LogHelper  : HHH000204: Processing PersistenceUnitInfo [name: default]
2021-12-07 14:28:31.085  INFO 14948 --- [restartedMain] org.hibernate.Version                    : HHH000412: Hibernate ORM core version 5.4.32.Final
2021-12-07 14:28:31.514  INFO 14948 --- [restartedMain] o.hibernate.annotations.common.Version   : HCANN000001: Hibernate Commons Annotations {5.1.2.Final}
2021-12-07 14:28:31.823  INFO 14948 --- [restartedMain] com.zaxxer.hikari.HikariDataSource       : HikariPool-1 - Starting...
2021-12-07 14:28:31.991  INFO 14948 --- [restartedMain] com.zaxxer.hikari.HikariDataSource       : HikariPool-1 - Start completed.
2021-12-07 14:28:32.072  INFO 14948 --- [restartedMain] org.hibernate.dialect.Dialect            : HHH000400: Using dialect: org.hibernate.dialect.MariaDB103Dialect
2021-12-07 14:28:33.820  INFO 14948 --- [restartedMain] o.h.e.t.j.p.i.JtaPlatformInitiator       : HHH000490: Using JtaPlatform implementation: [org.hibernate.engine.transaction.jta.platform.internal.NoJtaPlatform]
2021-12-07 14:28:33.839  INFO 14948 --- [restartedMain] j.LocalContainerEntityManagerFactoryBean : Initialized JPA EntityManagerFactory for persistence unit 'default'
2021-12-07 14:28:35.566  WARN 14948 --- [restartedMain] JpaBaseConfiguration$JpaWebConfiguration : spring.jpa.open-in-view is enabled by default. Therefore, database queries may be performed during view rendering. Explicitly configure spring.jpa.open-in-view to disable this warning
2021-12-07 14:28:35.946  INFO 14948 --- [restartedMain] o.s.b.a.e.web.EndpointLinksResolver      : Exposing 1 endpoint(s) beneath base path '/actuator'
2021-12-07 14:28:36.137  INFO 14948 --- [restartedMain] pertySourcedRequestMappingHandlerMapping : Mapped URL path [/v2/api-docs] onto method [springfox.documentation.swagger2.web.Swagger2Controller#getDocumentation(String, HttpServletRequest)]
2021-12-07 14:28:36.403  WARN 14948 --- [restartedMain] o.s.b.d.a.OptionalLiveReloadServer       : Unable to start LiveReload server
2021-12-07 14:28:36.880  WARN 14948 --- [restartedMain] ConfigServletWebServerApplicationContext : Exception encountered during context initialization - cancelling refresh attempt: org.springframework.context.ApplicationContextException: Failed to start bean 'webServerStartStop'; nested exception is org.springframework.boot.web.server.PortInUseException: Port 8082 is already in use
2021-12-07 14:28:36.898  INFO 14948 --- [restartedMain] j.LocalContainerEntityManagerFactoryBean : Closing JPA EntityManagerFactory for persistence unit 'default'
2021-12-07 14:28:36.904  INFO 14948 --- [restartedMain] com.zaxxer.hikari.HikariDataSource       : HikariPool-1 - Shutdown initiated...
2021-12-07 14:28:36.912  INFO 14948 --- [restartedMain] com.zaxxer.hikari.HikariDataSource       : HikariPool-1 - Shutdown completed.
2021-12-07 14:28:36.917  INFO 14948 --- [restartedMain] o.apache.catalina.core.StandardService   : Stopping service [Tomcat]
2021-12-07 14:28:36.952  INFO 14948 --- [restartedMain] ConditionEvaluationReportLoggingListener : 

Error starting ApplicationContext. To display the conditions report re-run your application with 'debug' enabled.
2021-12-07 14:28:36.997 ERROR 14948 --- [restartedMain] o.s.b.d.LoggingFailureAnalysisReporter   : 

***************************
APPLICATION FAILED TO START
***************************

Description:

Web server failed to start. Port 8082 was already in use.

Action:

Identify and stop the process that's listening on port 8082 or configure this application to listen on another port.

2021-12-07 14:28:48.590  INFO 13264 --- [restartedMain] c.t.c.CapstoneProjectDbsApplication      : Starting CapstoneProjectDbsApplication using Java 15.0.1 on LAPTOP-BEPT0ROL with PID 13264 (C:\Users\Teja\eclipse-workspace\capstone-project-dbs\target\classes started by Teja in C:\Users\Teja\eclipse-workspace\capstone-project-dbs)
2021-12-07 14:28:48.593  INFO 13264 --- [restartedMain] c.t.c.CapstoneProjectDbsApplication      : No active profile set, falling back to default profiles: default
2021-12-07 14:28:48.701  INFO 13264 --- [restartedMain] .e.DevToolsPropertyDefaultsPostProcessor : Devtools property defaults active! Set 'spring.devtools.add-properties' to 'false' to disable
2021-12-07 14:28:48.702  INFO 13264 --- [restartedMain] .e.DevToolsPropertyDefaultsPostProcessor : For additional web related logging consider setting the 'logging.level.web' property to 'DEBUG'
2021-12-07 14:28:51.628  INFO 13264 --- [restartedMain] .s.d.r.c.RepositoryConfigurationDelegate : Bootstrapping Spring Data JPA repositories in DEFAULT mode.
2021-12-07 14:28:51.813  INFO 13264 --- [restartedMain] .s.d.r.c.RepositoryConfigurationDelegate : Finished Spring Data repository scanning in 168 ms. Found 5 JPA repository interfaces.
2021-12-07 14:28:53.990  INFO 13264 --- [restartedMain] o.s.b.w.embedded.tomcat.TomcatWebServer  : Tomcat initialized with port(s): 8082 (http)
2021-12-07 14:28:54.023  INFO 13264 --- [restartedMain] o.apache.catalina.core.StandardService   : Starting service [Tomcat]
2021-12-07 14:28:54.025  INFO 13264 --- [restartedMain] org.apache.catalina.core.StandardEngine  : Starting Servlet engine: [Apache Tomcat/9.0.54]
2021-12-07 14:28:54.351  INFO 13264 --- [restartedMain] o.a.c.c.C.[Tomcat].[localhost].[/]       : Initializing Spring embedded WebApplicationContext
2021-12-07 14:28:54.352  INFO 13264 --- [restartedMain] w.s.c.ServletWebServerApplicationContext : Root WebApplicationContext: initialization completed in 5648 ms
2021-12-07 14:28:55.101  INFO 13264 --- [restartedMain] o.hibernate.jpa.internal.util.LogHelper  : HHH000204: Processing PersistenceUnitInfo [name: default]
2021-12-07 14:28:55.300  INFO 13264 --- [restartedMain] org.hibernate.Version                    : HHH000412: Hibernate ORM core version 5.4.32.Final
2021-12-07 14:28:55.711  INFO 13264 --- [restartedMain] o.hibernate.annotations.common.Version   : HCANN000001: Hibernate Commons Annotations {5.1.2.Final}
2021-12-07 14:28:55.972  INFO 13264 --- [restartedMain] com.zaxxer.hikari.HikariDataSource       : HikariPool-1 - Starting...
2021-12-07 14:28:56.136  INFO 13264 --- [restartedMain] com.zaxxer.hikari.HikariDataSource       : HikariPool-1 - Start completed.
2021-12-07 14:28:56.224  INFO 13264 --- [restartedMain] org.hibernate.dialect.Dialect            : HHH000400: Using dialect: org.hibernate.dialect.MariaDB103Dialect
2021-12-07 14:28:57.919  INFO 13264 --- [restartedMain] o.h.e.t.j.p.i.JtaPlatformInitiator       : HHH000490: Using JtaPlatform implementation: [org.hibernate.engine.transaction.jta.platform.internal.NoJtaPlatform]
2021-12-07 14:28:57.935  INFO 13264 --- [restartedMain] j.LocalContainerEntityManagerFactoryBean : Initialized JPA EntityManagerFactory for persistence unit 'default'
2021-12-07 14:28:59.795  WARN 13264 --- [restartedMain] JpaBaseConfiguration$JpaWebConfiguration : spring.jpa.open-in-view is enabled by default. Therefore, database queries may be performed during view rendering. Explicitly configure spring.jpa.open-in-view to disable this warning
2021-12-07 14:29:00.164  INFO 13264 --- [restartedMain] o.s.b.a.e.web.EndpointLinksResolver      : Exposing 1 endpoint(s) beneath base path '/actuator'
2021-12-07 14:29:00.353  INFO 13264 --- [restartedMain] pertySourcedRequestMappingHandlerMapping : Mapped URL path [/v2/api-docs] onto method [springfox.documentation.swagger2.web.Swagger2Controller#getDocumentation(String, HttpServletRequest)]
2021-12-07 14:29:00.598  INFO 13264 --- [restartedMain] o.s.b.d.a.OptionalLiveReloadServer       : LiveReload server is running on port 35729
2021-12-07 14:29:01.097  INFO 13264 --- [restartedMain] o.s.b.w.embedded.tomcat.TomcatWebServer  : Tomcat started on port(s): 8082 (http) with context path ''
2021-12-07 14:29:01.099  INFO 13264 --- [restartedMain] d.s.w.p.DocumentationPluginsBootstrapper : Context refreshed
2021-12-07 14:29:01.179  INFO 13264 --- [restartedMain] d.s.w.p.DocumentationPluginsBootstrapper : Found 1 custom documentation plugin(s)
2021-12-07 14:29:01.254  INFO 13264 --- [restartedMain] s.d.s.w.s.ApiListingReferenceScanner     : Scanning for api listing references
2021-12-07 14:29:01.709  INFO 13264 --- [restartedMain] .d.s.w.r.o.CachingOperationNameGenerator : Generating unique operation named: getClientUsingGET_1
2021-12-07 14:29:01.730  INFO 13264 --- [restartedMain] .d.s.w.r.o.CachingOperationNameGenerator : Generating unique operation named: handleUsingGET_1
2021-12-07 14:29:01.744  INFO 13264 --- [restartedMain] .d.s.w.r.o.CachingOperationNameGenerator : Generating unique operation named: getAllInstrumentsUsingGET_1
2021-12-07 14:29:01.922  INFO 13264 --- [restartedMain] c.t.c.CapstoneProjectDbsApplication      : Started CapstoneProjectDbsApplication in 14.19 seconds (JVM running for 15.326)
2021-12-07 14:29:07.163  INFO 13264 --- [http-nio-8082-exec-1] o.a.c.c.C.[Tomcat].[localhost].[/]       : Initializing Spring DispatcherServlet 'dispatcherServlet'
2021-12-07 14:29:07.165  INFO 13264 --- [http-nio-8082-exec-1] o.s.web.servlet.DispatcherServlet        : Initializing Servlet 'dispatcherServlet'
2021-12-07 14:29:07.169  INFO 13264 --- [http-nio-8082-exec-1] o.s.web.servlet.DispatcherServlet        : Completed initialization in 4 ms
