2021-12-04 07:38:07.311  INFO 5464 --- [main] c.t.c.CapstoneProjectDbsApplication      : Starting CapstoneProjectDbsApplication using Java 16.0.1 on EC2AMAZ-06474CL with PID 5464 (C:\Users\Administrator\Documents\capstone-project-dbs\target\classes started by Administrator in C:\Users\Administrator\Documents\capstone-project-dbs)
2021-12-04 07:38:07.314  INFO 5464 --- [main] c.t.c.CapstoneProjectDbsApplication      : No active profile set, falling back to default profiles: default
2021-12-04 07:38:08.738  INFO 5464 --- [main] .s.d.r.c.RepositoryConfigurationDelegate : Bootstrapping Spring Data JPA repositories in DEFAULT mode.
2021-12-04 07:38:08.825  INFO 5464 --- [main] .s.d.r.c.RepositoryConfigurationDelegate : Finished Spring Data repository scanning in 75 ms. Found 5 JPA repository interfaces.
2021-12-04 07:38:09.544  INFO 5464 --- [main] o.s.b.w.embedded.tomcat.TomcatWebServer  : Tomcat initialized with port(s): 8080 (http)
2021-12-04 07:38:09.561  INFO 5464 --- [main] o.apache.catalina.core.StandardService   : Starting service [Tomcat]
2021-12-04 07:38:09.562  INFO 5464 --- [main] org.apache.catalina.core.StandardEngine  : Starting Servlet engine: [Apache Tomcat/9.0.52]
2021-12-04 07:38:09.723  INFO 5464 --- [main] o.a.c.c.C.[Tomcat].[localhost].[/]       : Initializing Spring embedded WebApplicationContext
2021-12-04 07:38:09.724  INFO 5464 --- [main] w.s.c.ServletWebServerApplicationContext : Root WebApplicationContext: initialization completed in 2342 ms
2021-12-04 07:38:09.975  WARN 5464 --- [main] ConfigServletWebServerApplicationContext : Exception encountered during context initialization - cancelling refresh attempt: org.springframework.beans.factory.UnsatisfiedDependencyException: Error creating bean with name 'dataSourceScriptDatabaseInitializer' defined in class path resource [org/springframework/boot/autoconfigure/sql/init/DataSourceInitializationConfiguration.class]: Unsatisfied dependency expressed through method 'dataSourceScriptDatabaseInitializer' parameter 0; nested exception is org.springframework.beans.factory.BeanCreationException: Error creating bean with name 'dataSource' defined in class path resource [org/springframework/boot/autoconfigure/jdbc/DataSourceConfiguration$Hikari.class]: Bean instantiation via factory method failed; nested exception is org.springframework.beans.BeanInstantiationException: Failed to instantiate [com.zaxxer.hikari.HikariDataSource]: Factory method 'dataSource' threw exception; nested exception is java.lang.IllegalStateException: Cannot load driver class: org.mariadb.jdbc.Driver
2021-12-04 07:38:09.980  INFO 5464 --- [main] o.apache.catalina.core.StandardService   : Stopping service [Tomcat]
2021-12-04 07:38:10.018  INFO 5464 --- [main] ConditionEvaluationReportLoggingListener : 

Error starting ApplicationContext. To display the conditions report re-run your application with 'debug' enabled.
2021-12-04 07:38:10.046 ERROR 5464 --- [main] o.s.boot.SpringApplication               : Application run failed

org.springframework.beans.factory.UnsatisfiedDependencyException: Error creating bean with name 'dataSourceScriptDatabaseInitializer' defined in class path resource [org/springframework/boot/autoconfigure/sql/init/DataSourceInitializationConfiguration.class]: Unsatisfied dependency expressed through method 'dataSourceScriptDatabaseInitializer' parameter 0; nested exception is org.springframework.beans.factory.BeanCreationException: Error creating bean with name 'dataSource' defined in class path resource [org/springframework/boot/autoconfigure/jdbc/DataSourceConfiguration$Hikari.class]: Bean instantiation via factory method failed; nested exception is org.springframework.beans.BeanInstantiationException: Failed to instantiate [com.zaxxer.hikari.HikariDataSource]: Factory method 'dataSource' threw exception; nested exception is java.lang.IllegalStateException: Cannot load driver class: org.mariadb.jdbc.Driver
	at org.springframework.beans.factory.support.ConstructorResolver.createArgumentArray(ConstructorResolver.java:800) ~[spring-beans-5.3.9.jar:5.3.9]
	at org.springframework.beans.factory.support.ConstructorResolver.instantiateUsingFactoryMethod(ConstructorResolver.java:541) ~[spring-beans-5.3.9.jar:5.3.9]
	at org.springframework.beans.factory.support.AbstractAutowireCapableBeanFactory.instantiateUsingFactoryMethod(AbstractAutowireCapableBeanFactory.java:1334) ~[spring-beans-5.3.9.jar:5.3.9]
	at org.springframework.beans.factory.support.AbstractAutowireCapableBeanFactory.createBeanInstance(AbstractAutowireCapableBeanFactory.java:1177) ~[spring-beans-5.3.9.jar:5.3.9]
	at org.springframework.beans.factory.support.AbstractAutowireCapableBeanFactory.doCreateBean(AbstractAutowireCapableBeanFactory.java:564) ~[spring-beans-5.3.9.jar:5.3.9]
	at org.springframework.beans.factory.support.AbstractAutowireCapableBeanFactory.createBean(AbstractAutowireCapableBeanFactory.java:524) ~[spring-beans-5.3.9.jar:5.3.9]
	at org.springframework.beans.factory.support.AbstractBeanFactory.lambda$doGetBean$0(AbstractBeanFactory.java:335) ~[spring-beans-5.3.9.jar:5.3.9]
	at org.springframework.beans.factory.support.DefaultSingletonBeanRegistry.getSingleton(DefaultSingletonBeanRegistry.java:234) ~[spring-beans-5.3.9.jar:5.3.9]
	at org.springframework.beans.factory.support.AbstractBeanFactory.doGetBean(AbstractBeanFactory.java:333) ~[spring-beans-5.3.9.jar:5.3.9]
	at org.springframework.beans.factory.support.AbstractBeanFactory.getBean(AbstractBeanFactory.java:208) ~[spring-beans-5.3.9.jar:5.3.9]
	at org.springframework.beans.factory.support.AbstractBeanFactory.doGetBean(AbstractBeanFactory.java:322) ~[spring-beans-5.3.9.jar:5.3.9]
	at org.springframework.beans.factory.support.AbstractBeanFactory.getBean(AbstractBeanFactory.java:208) ~[spring-beans-5.3.9.jar:5.3.9]
	at org.springframework.context.support.AbstractApplicationContext.getBean(AbstractApplicationContext.java:1154) ~[spring-context-5.3.9.jar:5.3.9]
	at org.springframework.context.support.AbstractApplicationContext.finishBeanFactoryInitialization(AbstractApplicationContext.java:908) ~[spring-context-5.3.9.jar:5.3.9]
	at org.springframework.context.support.AbstractApplicationContext.refresh(AbstractApplicationContext.java:583) ~[spring-context-5.3.9.jar:5.3.9]
	at org.springframework.boot.web.servlet.context.ServletWebServerApplicationContext.refresh(ServletWebServerApplicationContext.java:145) ~[spring-boot-2.5.4.jar:2.5.4]
	at org.springframework.boot.SpringApplication.refresh(SpringApplication.java:754) ~[spring-boot-2.5.4.jar:2.5.4]
	at org.springframework.boot.SpringApplication.refreshContext(SpringApplication.java:434) ~[spring-boot-2.5.4.jar:2.5.4]
	at org.springframework.boot.SpringApplication.run(SpringApplication.java:338) ~[spring-boot-2.5.4.jar:2.5.4]
	at org.springframework.boot.SpringApplication.run(SpringApplication.java:1343) ~[spring-boot-2.5.4.jar:2.5.4]
	at org.springframework.boot.SpringApplication.run(SpringApplication.java:1332) ~[spring-boot-2.5.4.jar:2.5.4]
	at com.teamerror.capstoneprojectdbs.CapstoneProjectDbsApplication.main(CapstoneProjectDbsApplication.java:10) ~[classes/:na]
Caused by: org.springframework.beans.factory.BeanCreationException: Error creating bean with name 'dataSource' defined in class path resource [org/springframework/boot/autoconfigure/jdbc/DataSourceConfiguration$Hikari.class]: Bean instantiation via factory method failed; nested exception is org.springframework.beans.BeanInstantiationException: Failed to instantiate [com.zaxxer.hikari.HikariDataSource]: Factory method 'dataSource' threw exception; nested exception is java.lang.IllegalStateException: Cannot load driver class: org.mariadb.jdbc.Driver
	at org.springframework.beans.factory.support.ConstructorResolver.instantiate(ConstructorResolver.java:658) ~[spring-beans-5.3.9.jar:5.3.9]
	at org.springframework.beans.factory.support.ConstructorResolver.instantiateUsingFactoryMethod(ConstructorResolver.java:638) ~[spring-beans-5.3.9.jar:5.3.9]
	at org.springframework.beans.factory.support.AbstractAutowireCapableBeanFactory.instantiateUsingFactoryMethod(AbstractAutowireCapableBeanFactory.java:1334) ~[spring-beans-5.3.9.jar:5.3.9]
	at org.springframework.beans.factory.support.AbstractAutowireCapableBeanFactory.createBeanInstance(AbstractAutowireCapableBeanFactory.java:1177) ~[spring-beans-5.3.9.jar:5.3.9]
	at org.springframework.beans.factory.support.AbstractAutowireCapableBeanFactory.doCreateBean(AbstractAutowireCapableBeanFactory.java:564) ~[spring-beans-5.3.9.jar:5.3.9]
	at org.springframework.beans.factory.support.AbstractAutowireCapableBeanFactory.createBean(AbstractAutowireCapableBeanFactory.java:524) ~[spring-beans-5.3.9.jar:5.3.9]
	at org.springframework.beans.factory.support.AbstractBeanFactory.lambda$doGetBean$0(AbstractBeanFactory.java:335) ~[spring-beans-5.3.9.jar:5.3.9]
	at org.springframework.beans.factory.support.DefaultSingletonBeanRegistry.getSingleton(DefaultSingletonBeanRegistry.java:234) ~[spring-beans-5.3.9.jar:5.3.9]
	at org.springframework.beans.factory.support.AbstractBeanFactory.doGetBean(AbstractBeanFactory.java:333) ~[spring-beans-5.3.9.jar:5.3.9]
	at org.springframework.beans.factory.support.AbstractBeanFactory.getBean(AbstractBeanFactory.java:208) ~[spring-beans-5.3.9.jar:5.3.9]
	at org.springframework.beans.factory.config.DependencyDescriptor.resolveCandidate(DependencyDescriptor.java:276) ~[spring-beans-5.3.9.jar:5.3.9]
	at org.springframework.beans.factory.support.DefaultListableBeanFactory.doResolveDependency(DefaultListableBeanFactory.java:1380) ~[spring-beans-5.3.9.jar:5.3.9]
	at org.springframework.beans.factory.support.DefaultListableBeanFactory.resolveDependency(DefaultListableBeanFactory.java:1300) ~[spring-beans-5.3.9.jar:5.3.9]
	at org.springframework.beans.factory.support.ConstructorResolver.resolveAutowiredArgument(ConstructorResolver.java:887) ~[spring-beans-5.3.9.jar:5.3.9]
	at org.springframework.beans.factory.support.ConstructorResolver.createArgumentArray(ConstructorResolver.java:791) ~[spring-beans-5.3.9.jar:5.3.9]
	... 21 common frames omitted
Caused by: org.springframework.beans.BeanInstantiationException: Failed to instantiate [com.zaxxer.hikari.HikariDataSource]: Factory method 'dataSource' threw exception; nested exception is java.lang.IllegalStateException: Cannot load driver class: org.mariadb.jdbc.Driver
	at org.springframework.beans.factory.support.SimpleInstantiationStrategy.instantiate(SimpleInstantiationStrategy.java:185) ~[spring-beans-5.3.9.jar:5.3.9]
	at org.springframework.beans.factory.support.ConstructorResolver.instantiate(ConstructorResolver.java:653) ~[spring-beans-5.3.9.jar:5.3.9]
	... 35 common frames omitted
Caused by: java.lang.IllegalStateException: Cannot load driver class: org.mariadb.jdbc.Driver
	at org.springframework.util.Assert.state(Assert.java:97) ~[spring-core-5.3.9.jar:5.3.9]
	at org.springframework.boot.autoconfigure.jdbc.DataSourceProperties.determineDriverClassName(DataSourceProperties.java:242) ~[spring-boot-autoconfigure-2.5.4.jar:2.5.4]
	at org.springframework.boot.autoconfigure.jdbc.DataSourceProperties.initializeDataSourceBuilder(DataSourceProperties.java:194) ~[spring-boot-autoconfigure-2.5.4.jar:2.5.4]
	at org.springframework.boot.autoconfigure.jdbc.DataSourceConfiguration.createDataSource(DataSourceConfiguration.java:48) ~[spring-boot-autoconfigure-2.5.4.jar:2.5.4]
	at org.springframework.boot.autoconfigure.jdbc.DataSourceConfiguration$Hikari.dataSource(DataSourceConfiguration.java:90) ~[spring-boot-autoconfigure-2.5.4.jar:2.5.4]
	at java.base/jdk.internal.reflect.NativeMethodAccessorImpl.invoke0(Native Method) ~[na:na]
	at java.base/jdk.internal.reflect.NativeMethodAccessorImpl.invoke(NativeMethodAccessorImpl.java:78) ~[na:na]
	at java.base/jdk.internal.reflect.DelegatingMethodAccessorImpl.invoke(DelegatingMethodAccessorImpl.java:43) ~[na:na]
	at java.base/java.lang.reflect.Method.invoke(Method.java:567) ~[na:na]
	at org.springframework.beans.factory.support.SimpleInstantiationStrategy.instantiate(SimpleInstantiationStrategy.java:154) ~[spring-beans-5.3.9.jar:5.3.9]
	... 36 common frames omitted

2021-12-04 07:40:41.007  INFO 896 --- [main] c.t.c.CapstoneProjectDbsApplication      : Starting CapstoneProjectDbsApplication using Java 16.0.1 on EC2AMAZ-06474CL with PID 896 (C:\Users\Administrator\Documents\capstone-project-dbs\target\classes started by Administrator in C:\Users\Administrator\Documents\capstone-project-dbs)
2021-12-04 07:40:41.012  INFO 896 --- [main] c.t.c.CapstoneProjectDbsApplication      : No active profile set, falling back to default profiles: default
2021-12-04 07:40:43.029  INFO 896 --- [main] o.s.b.w.embedded.tomcat.TomcatWebServer  : Tomcat initialized with port(s): 8080 (http)
2021-12-04 07:40:43.042  INFO 896 --- [main] o.apache.catalina.core.StandardService   : Starting service [Tomcat]
2021-12-04 07:40:43.043  INFO 896 --- [main] org.apache.catalina.core.StandardEngine  : Starting Servlet engine: [Apache Tomcat/9.0.52]
2021-12-04 07:40:43.207  INFO 896 --- [main] o.a.c.c.C.[Tomcat].[localhost].[/]       : Initializing Spring embedded WebApplicationContext
2021-12-04 07:40:43.208  INFO 896 --- [main] w.s.c.ServletWebServerApplicationContext : Root WebApplicationContext: initialization completed in 2107 ms
2021-12-04 07:40:43.468  WARN 896 --- [main] ConfigServletWebServerApplicationContext : Exception encountered during context initialization - cancelling refresh attempt: org.springframework.beans.factory.UnsatisfiedDependencyException: Error creating bean with name 'transactionController': Unsatisfied dependency expressed through field 'orderBookRepository'; nested exception is org.springframework.beans.factory.NoSuchBeanDefinitionException: No qualifying bean of type 'com.teamerror.capstoneprojectdbs.repositories.OrderBookRepository' available: expected at least 1 bean which qualifies as autowire candidate. Dependency annotations: {@org.springframework.beans.factory.annotation.Autowired(required=true)}
2021-12-04 07:40:43.472  INFO 896 --- [main] o.apache.catalina.core.StandardService   : Stopping service [Tomcat]
2021-12-04 07:40:43.504  INFO 896 --- [main] ConditionEvaluationReportLoggingListener : 

Error starting ApplicationContext. To display the conditions report re-run your application with 'debug' enabled.
2021-12-04 07:40:43.526 ERROR 896 --- [main] o.s.b.d.LoggingFailureAnalysisReporter   : 

***************************
APPLICATION FAILED TO START
***************************

Description:

Field orderBookRepository in com.teamerror.capstoneprojectdbs.controllers.TransactionController required a bean of type 'com.teamerror.capstoneprojectdbs.repositories.OrderBookRepository' that could not be found.

The injection point has the following annotations:
	- @org.springframework.beans.factory.annotation.Autowired(required=true)


Action:

Consider defining a bean of type 'com.teamerror.capstoneprojectdbs.repositories.OrderBookRepository' in your configuration.

2021-12-04 07:47:02.116  INFO 4416 --- [main] c.t.c.CapstoneProjectDbsApplication      : Starting CapstoneProjectDbsApplication using Java 16.0.1 on EC2AMAZ-06474CL with PID 4416 (C:\Users\Administrator\Documents\capstone-project-dbs\target\classes started by Administrator in C:\Users\Administrator\Documents\capstone-project-dbs)
2021-12-04 07:47:02.120  INFO 4416 --- [main] c.t.c.CapstoneProjectDbsApplication      : No active profile set, falling back to default profiles: default
2021-12-04 07:47:04.052  INFO 4416 --- [main] o.s.b.w.embedded.tomcat.TomcatWebServer  : Tomcat initialized with port(s): 8080 (http)
2021-12-04 07:47:04.065  INFO 4416 --- [main] o.apache.catalina.core.StandardService   : Starting service [Tomcat]
2021-12-04 07:47:04.066  INFO 4416 --- [main] org.apache.catalina.core.StandardEngine  : Starting Servlet engine: [Apache Tomcat/9.0.52]
2021-12-04 07:47:04.230  INFO 4416 --- [main] o.a.c.c.C.[Tomcat].[localhost].[/]       : Initializing Spring embedded WebApplicationContext
2021-12-04 07:47:04.230  INFO 4416 --- [main] w.s.c.ServletWebServerApplicationContext : Root WebApplicationContext: initialization completed in 2037 ms
2021-12-04 07:47:04.484  WARN 4416 --- [main] ConfigServletWebServerApplicationContext : Exception encountered during context initialization - cancelling refresh attempt: org.springframework.beans.factory.UnsatisfiedDependencyException: Error creating bean with name 'transactionController': Unsatisfied dependency expressed through field 'orderBookRepository'; nested exception is org.springframework.beans.factory.NoSuchBeanDefinitionException: No qualifying bean of type 'com.teamerror.capstoneprojectdbs.repositories.OrderBookRepository' available: expected at least 1 bean which qualifies as autowire candidate. Dependency annotations: {@org.springframework.beans.factory.annotation.Autowired(required=true)}
2021-12-04 07:47:04.489  INFO 4416 --- [main] o.apache.catalina.core.StandardService   : Stopping service [Tomcat]
2021-12-04 07:47:04.519  INFO 4416 --- [main] ConditionEvaluationReportLoggingListener : 

Error starting ApplicationContext. To display the conditions report re-run your application with 'debug' enabled.
2021-12-04 07:47:04.540 ERROR 4416 --- [main] o.s.b.d.LoggingFailureAnalysisReporter   : 

***************************
APPLICATION FAILED TO START
***************************

Description:

Field orderBookRepository in com.teamerror.capstoneprojectdbs.controllers.TransactionController required a bean of type 'com.teamerror.capstoneprojectdbs.repositories.OrderBookRepository' that could not be found.

The injection point has the following annotations:
	- @org.springframework.beans.factory.annotation.Autowired(required=true)


Action:

Consider defining a bean of type 'com.teamerror.capstoneprojectdbs.repositories.OrderBookRepository' in your configuration.

2021-12-04 07:50:34.160  INFO 4804 --- [main] c.t.c.CapstoneProjectDbsApplication      : Starting CapstoneProjectDbsApplication using Java 16.0.1 on EC2AMAZ-06474CL with PID 4804 (C:\Users\Administrator\Documents\capstone-project-dbs\target\classes started by Administrator in C:\Users\Administrator\Documents\capstone-project-dbs)
2021-12-04 07:50:34.164  INFO 4804 --- [main] c.t.c.CapstoneProjectDbsApplication      : No active profile set, falling back to default profiles: default
2021-12-04 07:50:35.639  INFO 4804 --- [main] .s.d.r.c.RepositoryConfigurationDelegate : Bootstrapping Spring Data JPA repositories in DEFAULT mode.
2021-12-04 07:50:35.728  INFO 4804 --- [main] .s.d.r.c.RepositoryConfigurationDelegate : Finished Spring Data repository scanning in 77 ms. Found 5 JPA repository interfaces.
2021-12-04 07:50:36.415  INFO 4804 --- [main] o.s.b.w.embedded.tomcat.TomcatWebServer  : Tomcat initialized with port(s): 8080 (http)
2021-12-04 07:50:36.427  INFO 4804 --- [main] o.apache.catalina.core.StandardService   : Starting service [Tomcat]
2021-12-04 07:50:36.427  INFO 4804 --- [main] org.apache.catalina.core.StandardEngine  : Starting Servlet engine: [Apache Tomcat/9.0.52]
2021-12-04 07:50:36.575  INFO 4804 --- [main] o.a.c.c.C.[Tomcat].[localhost].[/]       : Initializing Spring embedded WebApplicationContext
2021-12-04 07:50:36.575  INFO 4804 --- [main] w.s.c.ServletWebServerApplicationContext : Root WebApplicationContext: initialization completed in 2333 ms
2021-12-04 07:50:36.821  WARN 4804 --- [main] ConfigServletWebServerApplicationContext : Exception encountered during context initialization - cancelling refresh attempt: org.springframework.beans.factory.UnsatisfiedDependencyException: Error creating bean with name 'dataSourceScriptDatabaseInitializer' defined in class path resource [org/springframework/boot/autoconfigure/sql/init/DataSourceInitializationConfiguration.class]: Unsatisfied dependency expressed through method 'dataSourceScriptDatabaseInitializer' parameter 0; nested exception is org.springframework.beans.factory.BeanCreationException: Error creating bean with name 'dataSource' defined in class path resource [org/springframework/boot/autoconfigure/jdbc/DataSourceConfiguration$Hikari.class]: Bean instantiation via factory method failed; nested exception is org.springframework.beans.BeanInstantiationException: Failed to instantiate [com.zaxxer.hikari.HikariDataSource]: Factory method 'dataSource' threw exception; nested exception is java.lang.IllegalStateException: Cannot load driver class: org.mariadb.jdbc.Driver
2021-12-04 07:50:36.826  INFO 4804 --- [main] o.apache.catalina.core.StandardService   : Stopping service [Tomcat]
2021-12-04 07:50:36.858  INFO 4804 --- [main] ConditionEvaluationReportLoggingListener : 

Error starting ApplicationContext. To display the conditions report re-run your application with 'debug' enabled.
2021-12-04 07:50:36.879 ERROR 4804 --- [main] o.s.boot.SpringApplication               : Application run failed

org.springframework.beans.factory.UnsatisfiedDependencyException: Error creating bean with name 'dataSourceScriptDatabaseInitializer' defined in class path resource [org/springframework/boot/autoconfigure/sql/init/DataSourceInitializationConfiguration.class]: Unsatisfied dependency expressed through method 'dataSourceScriptDatabaseInitializer' parameter 0; nested exception is org.springframework.beans.factory.BeanCreationException: Error creating bean with name 'dataSource' defined in class path resource [org/springframework/boot/autoconfigure/jdbc/DataSourceConfiguration$Hikari.class]: Bean instantiation via factory method failed; nested exception is org.springframework.beans.BeanInstantiationException: Failed to instantiate [com.zaxxer.hikari.HikariDataSource]: Factory method 'dataSource' threw exception; nested exception is java.lang.IllegalStateException: Cannot load driver class: org.mariadb.jdbc.Driver
	at org.springframework.beans.factory.support.ConstructorResolver.createArgumentArray(ConstructorResolver.java:800) ~[spring-beans-5.3.9.jar:5.3.9]
	at org.springframework.beans.factory.support.ConstructorResolver.instantiateUsingFactoryMethod(ConstructorResolver.java:541) ~[spring-beans-5.3.9.jar:5.3.9]
	at org.springframework.beans.factory.support.AbstractAutowireCapableBeanFactory.instantiateUsingFactoryMethod(AbstractAutowireCapableBeanFactory.java:1334) ~[spring-beans-5.3.9.jar:5.3.9]
	at org.springframework.beans.factory.support.AbstractAutowireCapableBeanFactory.createBeanInstance(AbstractAutowireCapableBeanFactory.java:1177) ~[spring-beans-5.3.9.jar:5.3.9]
	at org.springframework.beans.factory.support.AbstractAutowireCapableBeanFactory.doCreateBean(AbstractAutowireCapableBeanFactory.java:564) ~[spring-beans-5.3.9.jar:5.3.9]
	at org.springframework.beans.factory.support.AbstractAutowireCapableBeanFactory.createBean(AbstractAutowireCapableBeanFactory.java:524) ~[spring-beans-5.3.9.jar:5.3.9]
	at org.springframework.beans.factory.support.AbstractBeanFactory.lambda$doGetBean$0(AbstractBeanFactory.java:335) ~[spring-beans-5.3.9.jar:5.3.9]
	at org.springframework.beans.factory.support.DefaultSingletonBeanRegistry.getSingleton(DefaultSingletonBeanRegistry.java:234) ~[spring-beans-5.3.9.jar:5.3.9]
	at org.springframework.beans.factory.support.AbstractBeanFactory.doGetBean(AbstractBeanFactory.java:333) ~[spring-beans-5.3.9.jar:5.3.9]
	at org.springframework.beans.factory.support.AbstractBeanFactory.getBean(AbstractBeanFactory.java:208) ~[spring-beans-5.3.9.jar:5.3.9]
	at org.springframework.beans.factory.support.AbstractBeanFactory.doGetBean(AbstractBeanFactory.java:322) ~[spring-beans-5.3.9.jar:5.3.9]
	at org.springframework.beans.factory.support.AbstractBeanFactory.getBean(AbstractBeanFactory.java:208) ~[spring-beans-5.3.9.jar:5.3.9]
	at org.springframework.context.support.AbstractApplicationContext.getBean(AbstractApplicationContext.java:1154) ~[spring-context-5.3.9.jar:5.3.9]
	at org.springframework.context.support.AbstractApplicationContext.finishBeanFactoryInitialization(AbstractApplicationContext.java:908) ~[spring-context-5.3.9.jar:5.3.9]
	at org.springframework.context.support.AbstractApplicationContext.refresh(AbstractApplicationContext.java:583) ~[spring-context-5.3.9.jar:5.3.9]
	at org.springframework.boot.web.servlet.context.ServletWebServerApplicationContext.refresh(ServletWebServerApplicationContext.java:145) ~[spring-boot-2.5.4.jar:2.5.4]
	at org.springframework.boot.SpringApplication.refresh(SpringApplication.java:754) ~[spring-boot-2.5.4.jar:2.5.4]
	at org.springframework.boot.SpringApplication.refreshContext(SpringApplication.java:434) ~[spring-boot-2.5.4.jar:2.5.4]
	at org.springframework.boot.SpringApplication.run(SpringApplication.java:338) ~[spring-boot-2.5.4.jar:2.5.4]
	at org.springframework.boot.SpringApplication.run(SpringApplication.java:1343) ~[spring-boot-2.5.4.jar:2.5.4]
	at org.springframework.boot.SpringApplication.run(SpringApplication.java:1332) ~[spring-boot-2.5.4.jar:2.5.4]
	at com.teamerror.capstoneprojectdbs.CapstoneProjectDbsApplication.main(CapstoneProjectDbsApplication.java:13) ~[classes/:na]
Caused by: org.springframework.beans.factory.BeanCreationException: Error creating bean with name 'dataSource' defined in class path resource [org/springframework/boot/autoconfigure/jdbc/DataSourceConfiguration$Hikari.class]: Bean instantiation via factory method failed; nested exception is org.springframework.beans.BeanInstantiationException: Failed to instantiate [com.zaxxer.hikari.HikariDataSource]: Factory method 'dataSource' threw exception; nested exception is java.lang.IllegalStateException: Cannot load driver class: org.mariadb.jdbc.Driver
	at org.springframework.beans.factory.support.ConstructorResolver.instantiate(ConstructorResolver.java:658) ~[spring-beans-5.3.9.jar:5.3.9]
	at org.springframework.beans.factory.support.ConstructorResolver.instantiateUsingFactoryMethod(ConstructorResolver.java:638) ~[spring-beans-5.3.9.jar:5.3.9]
	at org.springframework.beans.factory.support.AbstractAutowireCapableBeanFactory.instantiateUsingFactoryMethod(AbstractAutowireCapableBeanFactory.java:1334) ~[spring-beans-5.3.9.jar:5.3.9]
	at org.springframework.beans.factory.support.AbstractAutowireCapableBeanFactory.createBeanInstance(AbstractAutowireCapableBeanFactory.java:1177) ~[spring-beans-5.3.9.jar:5.3.9]
	at org.springframework.beans.factory.support.AbstractAutowireCapableBeanFactory.doCreateBean(AbstractAutowireCapableBeanFactory.java:564) ~[spring-beans-5.3.9.jar:5.3.9]
	at org.springframework.beans.factory.support.AbstractAutowireCapableBeanFactory.createBean(AbstractAutowireCapableBeanFactory.java:524) ~[spring-beans-5.3.9.jar:5.3.9]
	at org.springframework.beans.factory.support.AbstractBeanFactory.lambda$doGetBean$0(AbstractBeanFactory.java:335) ~[spring-beans-5.3.9.jar:5.3.9]
	at org.springframework.beans.factory.support.DefaultSingletonBeanRegistry.getSingleton(DefaultSingletonBeanRegistry.java:234) ~[spring-beans-5.3.9.jar:5.3.9]
	at org.springframework.beans.factory.support.AbstractBeanFactory.doGetBean(AbstractBeanFactory.java:333) ~[spring-beans-5.3.9.jar:5.3.9]
	at org.springframework.beans.factory.support.AbstractBeanFactory.getBean(AbstractBeanFactory.java:208) ~[spring-beans-5.3.9.jar:5.3.9]
	at org.springframework.beans.factory.config.DependencyDescriptor.resolveCandidate(DependencyDescriptor.java:276) ~[spring-beans-5.3.9.jar:5.3.9]
	at org.springframework.beans.factory.support.DefaultListableBeanFactory.doResolveDependency(DefaultListableBeanFactory.java:1380) ~[spring-beans-5.3.9.jar:5.3.9]
	at org.springframework.beans.factory.support.DefaultListableBeanFactory.resolveDependency(DefaultListableBeanFactory.java:1300) ~[spring-beans-5.3.9.jar:5.3.9]
	at org.springframework.beans.factory.support.ConstructorResolver.resolveAutowiredArgument(ConstructorResolver.java:887) ~[spring-beans-5.3.9.jar:5.3.9]
	at org.springframework.beans.factory.support.ConstructorResolver.createArgumentArray(ConstructorResolver.java:791) ~[spring-beans-5.3.9.jar:5.3.9]
	... 21 common frames omitted
Caused by: org.springframework.beans.BeanInstantiationException: Failed to instantiate [com.zaxxer.hikari.HikariDataSource]: Factory method 'dataSource' threw exception; nested exception is java.lang.IllegalStateException: Cannot load driver class: org.mariadb.jdbc.Driver
	at org.springframework.beans.factory.support.SimpleInstantiationStrategy.instantiate(SimpleInstantiationStrategy.java:185) ~[spring-beans-5.3.9.jar:5.3.9]
	at org.springframework.beans.factory.support.ConstructorResolver.instantiate(ConstructorResolver.java:653) ~[spring-beans-5.3.9.jar:5.3.9]
	... 35 common frames omitted
Caused by: java.lang.IllegalStateException: Cannot load driver class: org.mariadb.jdbc.Driver
	at org.springframework.util.Assert.state(Assert.java:97) ~[spring-core-5.3.9.jar:5.3.9]
	at org.springframework.boot.autoconfigure.jdbc.DataSourceProperties.determineDriverClassName(DataSourceProperties.java:242) ~[spring-boot-autoconfigure-2.5.4.jar:2.5.4]
	at org.springframework.boot.autoconfigure.jdbc.DataSourceProperties.initializeDataSourceBuilder(DataSourceProperties.java:194) ~[spring-boot-autoconfigure-2.5.4.jar:2.5.4]
	at org.springframework.boot.autoconfigure.jdbc.DataSourceConfiguration.createDataSource(DataSourceConfiguration.java:48) ~[spring-boot-autoconfigure-2.5.4.jar:2.5.4]
	at org.springframework.boot.autoconfigure.jdbc.DataSourceConfiguration$Hikari.dataSource(DataSourceConfiguration.java:90) ~[spring-boot-autoconfigure-2.5.4.jar:2.5.4]
	at java.base/jdk.internal.reflect.NativeMethodAccessorImpl.invoke0(Native Method) ~[na:na]
	at java.base/jdk.internal.reflect.NativeMethodAccessorImpl.invoke(NativeMethodAccessorImpl.java:78) ~[na:na]
	at java.base/jdk.internal.reflect.DelegatingMethodAccessorImpl.invoke(DelegatingMethodAccessorImpl.java:43) ~[na:na]
	at java.base/java.lang.reflect.Method.invoke(Method.java:567) ~[na:na]
	at org.springframework.beans.factory.support.SimpleInstantiationStrategy.instantiate(SimpleInstantiationStrategy.java:154) ~[spring-beans-5.3.9.jar:5.3.9]
	... 36 common frames omitted

2021-12-04 07:51:35.516  INFO 2952 --- [main] c.t.c.CapstoneProjectDbsApplication      : Starting CapstoneProjectDbsApplication using Java 16.0.1 on EC2AMAZ-06474CL with PID 2952 (C:\Users\Administrator\Documents\capstone-project-dbs\target\classes started by Administrator in C:\Users\Administrator\Documents\capstone-project-dbs)
2021-12-04 07:51:35.520  INFO 2952 --- [main] c.t.c.CapstoneProjectDbsApplication      : No active profile set, falling back to default profiles: default
2021-12-04 07:51:37.539  INFO 2952 --- [main] o.s.b.w.embedded.tomcat.TomcatWebServer  : Tomcat initialized with port(s): 8080 (http)
2021-12-04 07:51:37.552  INFO 2952 --- [main] o.apache.catalina.core.StandardService   : Starting service [Tomcat]
2021-12-04 07:51:37.552  INFO 2952 --- [main] org.apache.catalina.core.StandardEngine  : Starting Servlet engine: [Apache Tomcat/9.0.52]
2021-12-04 07:51:37.699  INFO 2952 --- [main] o.a.c.c.C.[Tomcat].[localhost].[/]       : Initializing Spring embedded WebApplicationContext
2021-12-04 07:51:37.699  INFO 2952 --- [main] w.s.c.ServletWebServerApplicationContext : Root WebApplicationContext: initialization completed in 2113 ms
2021-12-04 07:51:37.929  WARN 2952 --- [main] ConfigServletWebServerApplicationContext : Exception encountered during context initialization - cancelling refresh attempt: org.springframework.beans.factory.UnsatisfiedDependencyException: Error creating bean with name 'transactionController': Unsatisfied dependency expressed through field 'orderBookRepository'; nested exception is org.springframework.beans.factory.NoSuchBeanDefinitionException: No qualifying bean of type 'com.teamerror.capstoneprojectdbs.repositories.OrderBookRepository' available: expected at least 1 bean which qualifies as autowire candidate. Dependency annotations: {@org.springframework.beans.factory.annotation.Autowired(required=true)}
2021-12-04 07:51:37.933  INFO 2952 --- [main] o.apache.catalina.core.StandardService   : Stopping service [Tomcat]
2021-12-04 07:51:37.963  INFO 2952 --- [main] ConditionEvaluationReportLoggingListener : 

Error starting ApplicationContext. To display the conditions report re-run your application with 'debug' enabled.
2021-12-04 07:51:37.986 ERROR 2952 --- [main] o.s.b.d.LoggingFailureAnalysisReporter   : 

***************************
APPLICATION FAILED TO START
***************************

Description:

Field orderBookRepository in com.teamerror.capstoneprojectdbs.controllers.TransactionController required a bean of type 'com.teamerror.capstoneprojectdbs.repositories.OrderBookRepository' that could not be found.

The injection point has the following annotations:
	- @org.springframework.beans.factory.annotation.Autowired(required=true)


Action:

Consider defining a bean of type 'com.teamerror.capstoneprojectdbs.repositories.OrderBookRepository' in your configuration.

2021-12-04 07:53:54.882  INFO 4416 --- [main] c.t.c.CapstoneProjectDbsApplication      : Starting CapstoneProjectDbsApplication using Java 16.0.1 on EC2AMAZ-06474CL with PID 4416 (C:\Users\Administrator\Documents\capstone-project-dbs\target\classes started by Administrator in C:\Users\Administrator\Documents\capstone-project-dbs)
2021-12-04 07:53:54.888  INFO 4416 --- [main] c.t.c.CapstoneProjectDbsApplication      : No active profile set, falling back to default profiles: default
2021-12-04 07:53:56.887  INFO 4416 --- [main] o.s.b.w.embedded.tomcat.TomcatWebServer  : Tomcat initialized with port(s): 8080 (http)
2021-12-04 07:53:56.901  INFO 4416 --- [main] o.apache.catalina.core.StandardService   : Starting service [Tomcat]
2021-12-04 07:53:56.902  INFO 4416 --- [main] org.apache.catalina.core.StandardEngine  : Starting Servlet engine: [Apache Tomcat/9.0.52]
2021-12-04 07:53:57.056  INFO 4416 --- [main] o.a.c.c.C.[Tomcat].[localhost].[/]       : Initializing Spring embedded WebApplicationContext
2021-12-04 07:53:57.056  INFO 4416 --- [main] w.s.c.ServletWebServerApplicationContext : Root WebApplicationContext: initialization completed in 2092 ms
2021-12-04 07:53:57.300  WARN 4416 --- [main] ConfigServletWebServerApplicationContext : Exception encountered during context initialization - cancelling refresh attempt: org.springframework.beans.factory.UnsatisfiedDependencyException: Error creating bean with name 'testController': Unsatisfied dependency expressed through field 'stocksRepository'; nested exception is org.springframework.beans.factory.NoSuchBeanDefinitionException: No qualifying bean of type 'com.teamerror.capstoneprojectdbs.repositories.StocksRepository' available: expected at least 1 bean which qualifies as autowire candidate. Dependency annotations: {@org.springframework.beans.factory.annotation.Autowired(required=true)}
2021-12-04 07:53:57.304  INFO 4416 --- [main] o.apache.catalina.core.StandardService   : Stopping service [Tomcat]
2021-12-04 07:53:57.337  INFO 4416 --- [main] ConditionEvaluationReportLoggingListener : 

Error starting ApplicationContext. To display the conditions report re-run your application with 'debug' enabled.
2021-12-04 07:53:57.360 ERROR 4416 --- [main] o.s.b.d.LoggingFailureAnalysisReporter   : 

***************************
APPLICATION FAILED TO START
***************************

Description:

Field stocksRepository in com.teamerror.capstoneprojectdbs.controllers.TestController required a bean of type 'com.teamerror.capstoneprojectdbs.repositories.StocksRepository' that could not be found.

The injection point has the following annotations:
	- @org.springframework.beans.factory.annotation.Autowired(required=true)


Action:

Consider defining a bean of type 'com.teamerror.capstoneprojectdbs.repositories.StocksRepository' in your configuration.

2021-12-04 07:54:35.919  INFO 1924 --- [main] c.t.c.CapstoneProjectDbsApplication      : Starting CapstoneProjectDbsApplication using Java 16.0.1 on EC2AMAZ-06474CL with PID 1924 (C:\Users\Administrator\Documents\capstone-project-dbs\target\classes started by Administrator in C:\Users\Administrator\Documents\capstone-project-dbs)
2021-12-04 07:54:35.924  INFO 1924 --- [main] c.t.c.CapstoneProjectDbsApplication      : No active profile set, falling back to default profiles: default
2021-12-04 07:54:37.833  INFO 1924 --- [main] o.s.b.w.embedded.tomcat.TomcatWebServer  : Tomcat initialized with port(s): 8080 (http)
2021-12-04 07:54:37.845  INFO 1924 --- [main] o.apache.catalina.core.StandardService   : Starting service [Tomcat]
2021-12-04 07:54:37.846  INFO 1924 --- [main] org.apache.catalina.core.StandardEngine  : Starting Servlet engine: [Apache Tomcat/9.0.52]
2021-12-04 07:54:37.985  INFO 1924 --- [main] o.a.c.c.C.[Tomcat].[localhost].[/]       : Initializing Spring embedded WebApplicationContext
2021-12-04 07:54:37.985  INFO 1924 --- [main] w.s.c.ServletWebServerApplicationContext : Root WebApplicationContext: initialization completed in 2004 ms
2021-12-04 07:54:38.205  WARN 1924 --- [main] ConfigServletWebServerApplicationContext : Exception encountered during context initialization - cancelling refresh attempt: org.springframework.beans.factory.UnsatisfiedDependencyException: Error creating bean with name 'testController': Unsatisfied dependency expressed through field 'stocksRepository'; nested exception is org.springframework.beans.factory.NoSuchBeanDefinitionException: No qualifying bean of type 'com.teamerror.capstoneprojectdbs.repositories.StocksRepository' available: expected at least 1 bean which qualifies as autowire candidate. Dependency annotations: {@org.springframework.beans.factory.annotation.Autowired(required=true)}
2021-12-04 07:54:38.210  INFO 1924 --- [main] o.apache.catalina.core.StandardService   : Stopping service [Tomcat]
2021-12-04 07:54:38.241  INFO 1924 --- [main] ConditionEvaluationReportLoggingListener : 

Error starting ApplicationContext. To display the conditions report re-run your application with 'debug' enabled.
2021-12-04 07:54:38.268 ERROR 1924 --- [main] o.s.b.d.LoggingFailureAnalysisReporter   : 

***************************
APPLICATION FAILED TO START
***************************

Description:

Field stocksRepository in com.teamerror.capstoneprojectdbs.controllers.TestController required a bean of type 'com.teamerror.capstoneprojectdbs.repositories.StocksRepository' that could not be found.

The injection point has the following annotations:
	- @org.springframework.beans.factory.annotation.Autowired(required=true)


Action:

Consider defining a bean of type 'com.teamerror.capstoneprojectdbs.repositories.StocksRepository' in your configuration.

2021-12-04 07:59:38.172  INFO 4404 --- [main] c.t.c.CapstoneProjectDbsApplication      : Starting CapstoneProjectDbsApplication using Java 16.0.1 on EC2AMAZ-06474CL with PID 4404 (C:\Users\Administrator\Documents\capstone-project-dbs\target\classes started by Administrator in C:\Users\Administrator\Documents\capstone-project-dbs)
2021-12-04 07:59:38.177  INFO 4404 --- [main] c.t.c.CapstoneProjectDbsApplication      : No active profile set, falling back to default profiles: default
2021-12-04 07:59:40.138  INFO 4404 --- [main] o.s.b.w.embedded.tomcat.TomcatWebServer  : Tomcat initialized with port(s): 8080 (http)
2021-12-04 07:59:40.151  INFO 4404 --- [main] o.apache.catalina.core.StandardService   : Starting service [Tomcat]
2021-12-04 07:59:40.152  INFO 4404 --- [main] org.apache.catalina.core.StandardEngine  : Starting Servlet engine: [Apache Tomcat/9.0.52]
2021-12-04 07:59:40.298  INFO 4404 --- [main] o.a.c.c.C.[Tomcat].[localhost].[/]       : Initializing Spring embedded WebApplicationContext
2021-12-04 07:59:40.298  INFO 4404 --- [main] w.s.c.ServletWebServerApplicationContext : Root WebApplicationContext: initialization completed in 2046 ms
2021-12-04 07:59:40.511  WARN 4404 --- [main] ConfigServletWebServerApplicationContext : Exception encountered during context initialization - cancelling refresh attempt: org.springframework.beans.factory.UnsatisfiedDependencyException: Error creating bean with name 'clientsController': Unsatisfied dependency expressed through field 'clientService'; nested exception is org.springframework.beans.factory.UnsatisfiedDependencyException: Error creating bean with name 'clientService': Unsatisfied dependency expressed through field 'clientRepository'; nested exception is org.springframework.beans.factory.NoSuchBeanDefinitionException: No qualifying bean of type 'com.teamerror.capstoneprojectdbs.repositories.ClientRepository' available: expected at least 1 bean which qualifies as autowire candidate. Dependency annotations: {@org.springframework.beans.factory.annotation.Autowired(required=true)}
2021-12-04 07:59:40.516  INFO 4404 --- [main] o.apache.catalina.core.StandardService   : Stopping service [Tomcat]
2021-12-04 07:59:40.544  INFO 4404 --- [main] ConditionEvaluationReportLoggingListener : 

Error starting ApplicationContext. To display the conditions report re-run your application with 'debug' enabled.
2021-12-04 07:59:40.564 ERROR 4404 --- [main] o.s.b.d.LoggingFailureAnalysisReporter   : 

***************************
APPLICATION FAILED TO START
***************************

Description:

Field clientRepository in com.teamerror.capstoneprojectdbs.services.ClientService required a bean of type 'com.teamerror.capstoneprojectdbs.repositories.ClientRepository' that could not be found.

The injection point has the following annotations:
	- @org.springframework.beans.factory.annotation.Autowired(required=true)


Action:

Consider defining a bean of type 'com.teamerror.capstoneprojectdbs.repositories.ClientRepository' in your configuration.

2021-12-04 08:01:19.848  INFO 5264 --- [main] c.t.c.CapstoneProjectDbsApplication      : Starting CapstoneProjectDbsApplication using Java 16.0.1 on EC2AMAZ-06474CL with PID 5264 (C:\Users\Administrator\Documents\capstone-project-dbs\target\classes started by Administrator in C:\Users\Administrator\Documents\capstone-project-dbs)
2021-12-04 08:01:19.852  INFO 5264 --- [main] c.t.c.CapstoneProjectDbsApplication      : No active profile set, falling back to default profiles: default
2021-12-04 08:01:21.864  INFO 5264 --- [main] o.s.b.w.embedded.tomcat.TomcatWebServer  : Tomcat initialized with port(s): 8080 (http)
2021-12-04 08:01:21.876  INFO 5264 --- [main] o.apache.catalina.core.StandardService   : Starting service [Tomcat]
2021-12-04 08:01:21.877  INFO 5264 --- [main] org.apache.catalina.core.StandardEngine  : Starting Servlet engine: [Apache Tomcat/9.0.52]
2021-12-04 08:01:22.019  INFO 5264 --- [main] o.a.c.c.C.[Tomcat].[localhost].[/]       : Initializing Spring embedded WebApplicationContext
2021-12-04 08:01:22.019  INFO 5264 --- [main] w.s.c.ServletWebServerApplicationContext : Root WebApplicationContext: initialization completed in 2084 ms
2021-12-04 08:01:22.251  WARN 5264 --- [main] ConfigServletWebServerApplicationContext : Exception encountered during context initialization - cancelling refresh attempt: org.springframework.beans.factory.UnsatisfiedDependencyException: Error creating bean with name 'clientsController': Unsatisfied dependency expressed through field 'clientService'; nested exception is org.springframework.beans.factory.UnsatisfiedDependencyException: Error creating bean with name 'clientService': Unsatisfied dependency expressed through field 'clientRepository'; nested exception is org.springframework.beans.factory.NoSuchBeanDefinitionException: No qualifying bean of type 'com.teamerror.capstoneprojectdbs.repositories.ClientRepository' available: expected at least 1 bean which qualifies as autowire candidate. Dependency annotations: {@org.springframework.beans.factory.annotation.Autowired(required=true)}
2021-12-04 08:01:22.256  INFO 5264 --- [main] o.apache.catalina.core.StandardService   : Stopping service [Tomcat]
2021-12-04 08:01:22.288  INFO 5264 --- [main] ConditionEvaluationReportLoggingListener : 

Error starting ApplicationContext. To display the conditions report re-run your application with 'debug' enabled.
2021-12-04 08:01:22.311 ERROR 5264 --- [main] o.s.b.d.LoggingFailureAnalysisReporter   : 

***************************
APPLICATION FAILED TO START
***************************

Description:

Field clientRepository in com.teamerror.capstoneprojectdbs.services.ClientService required a bean of type 'com.teamerror.capstoneprojectdbs.repositories.ClientRepository' that could not be found.

The injection point has the following annotations:
	- @org.springframework.beans.factory.annotation.Autowired(required=true)


Action:

Consider defining a bean of type 'com.teamerror.capstoneprojectdbs.repositories.ClientRepository' in your configuration.

2021-12-04 08:03:51.989  INFO 3796 --- [main] c.t.c.CapstoneProjectDbsApplication      : Starting CapstoneProjectDbsApplication using Java 16.0.1 on EC2AMAZ-06474CL with PID 3796 (C:\Users\Administrator\Documents\capstone-project-dbs\target\classes started by Administrator in C:\Users\Administrator\Documents\capstone-project-dbs)
2021-12-04 08:03:51.992  INFO 3796 --- [main] c.t.c.CapstoneProjectDbsApplication      : No active profile set, falling back to default profiles: default
2021-12-04 08:03:54.310  INFO 3796 --- [main] o.s.b.w.embedded.tomcat.TomcatWebServer  : Tomcat initialized with port(s): 8080 (http)
2021-12-04 08:03:54.324  INFO 3796 --- [main] o.apache.catalina.core.StandardService   : Starting service [Tomcat]
2021-12-04 08:03:54.325  INFO 3796 --- [main] org.apache.catalina.core.StandardEngine  : Starting Servlet engine: [Apache Tomcat/9.0.54]
2021-12-04 08:03:54.476  INFO 3796 --- [main] o.a.c.c.C.[Tomcat].[localhost].[/]       : Initializing Spring embedded WebApplicationContext
2021-12-04 08:03:54.476  INFO 3796 --- [main] w.s.c.ServletWebServerApplicationContext : Root WebApplicationContext: initialization completed in 2378 ms
2021-12-04 08:03:54.695  WARN 3796 --- [main] ConfigServletWebServerApplicationContext : Exception encountered during context initialization - cancelling refresh attempt: org.springframework.beans.factory.UnsatisfiedDependencyException: Error creating bean with name 'clientsController': Unsatisfied dependency expressed through field 'clientService'; nested exception is org.springframework.beans.factory.UnsatisfiedDependencyException: Error creating bean with name 'clientService': Unsatisfied dependency expressed through field 'clientRepository'; nested exception is org.springframework.beans.factory.NoSuchBeanDefinitionException: No qualifying bean of type 'com.teamerror.capstoneprojectdbs.repositories.ClientRepository' available: expected at least 1 bean which qualifies as autowire candidate. Dependency annotations: {@org.springframework.beans.factory.annotation.Autowired(required=true)}
2021-12-04 08:03:54.700  INFO 3796 --- [main] o.apache.catalina.core.StandardService   : Stopping service [Tomcat]
2021-12-04 08:03:54.729  INFO 3796 --- [main] ConditionEvaluationReportLoggingListener : 

Error starting ApplicationContext. To display the conditions report re-run your application with 'debug' enabled.
2021-12-04 08:03:54.767 ERROR 3796 --- [main] o.s.b.d.LoggingFailureAnalysisReporter   : 

***************************
APPLICATION FAILED TO START
***************************

Description:

Field clientRepository in com.teamerror.capstoneprojectdbs.services.ClientService required a bean of type 'com.teamerror.capstoneprojectdbs.repositories.ClientRepository' that could not be found.

The injection point has the following annotations:
	- @org.springframework.beans.factory.annotation.Autowired(required=true)


Action:

Consider defining a bean of type 'com.teamerror.capstoneprojectdbs.repositories.ClientRepository' in your configuration.

2021-12-04 08:10:17.066  INFO 5332 --- [restartedMain] c.t.c.CapstoneProjectDbsApplication      : Starting CapstoneProjectDbsApplication using Java 16.0.1 on EC2AMAZ-06474CL with PID 5332 (C:\Users\Administrator\Documents\capstone-project-dbs\target\classes started by Administrator in C:\Users\Administrator\Documents\capstone-project-dbs)
2021-12-04 08:10:17.425  INFO 5332 --- [restartedMain] c.t.c.CapstoneProjectDbsApplication      : No active profile set, falling back to default profiles: default
2021-12-04 08:10:17.513  INFO 5332 --- [restartedMain] .e.DevToolsPropertyDefaultsPostProcessor : Devtools property defaults active! Set 'spring.devtools.add-properties' to 'false' to disable
2021-12-04 08:10:17.513  INFO 5332 --- [restartedMain] .e.DevToolsPropertyDefaultsPostProcessor : For additional web related logging consider setting the 'logging.level.web' property to 'DEBUG'
2021-12-04 08:10:19.581  INFO 5332 --- [restartedMain] o.s.b.w.embedded.tomcat.TomcatWebServer  : Tomcat initialized with port(s): 8080 (http)
2021-12-04 08:10:19.594  INFO 5332 --- [restartedMain] o.apache.catalina.core.StandardService   : Starting service [Tomcat]
2021-12-04 08:10:19.595  INFO 5332 --- [restartedMain] org.apache.catalina.core.StandardEngine  : Starting Servlet engine: [Apache Tomcat/9.0.54]
2021-12-04 08:10:19.725  INFO 5332 --- [restartedMain] o.a.c.c.C.[Tomcat].[localhost].[/]       : Initializing Spring embedded WebApplicationContext
2021-12-04 08:10:19.725  INFO 5332 --- [restartedMain] w.s.c.ServletWebServerApplicationContext : Root WebApplicationContext: initialization completed in 2211 ms
2021-12-04 08:10:19.977  WARN 5332 --- [restartedMain] ConfigServletWebServerApplicationContext : Exception encountered during context initialization - cancelling refresh attempt: org.springframework.beans.factory.UnsatisfiedDependencyException: Error creating bean with name 'clientsController': Unsatisfied dependency expressed through field 'clientService'; nested exception is org.springframework.beans.factory.UnsatisfiedDependencyException: Error creating bean with name 'clientService': Unsatisfied dependency expressed through field 'clientRepository'; nested exception is org.springframework.beans.factory.NoSuchBeanDefinitionException: No qualifying bean of type 'com.teamerror.capstoneprojectdbs.repositories.ClientRepository' available: expected at least 1 bean which qualifies as autowire candidate. Dependency annotations: {@org.springframework.beans.factory.annotation.Autowired(required=true)}
2021-12-04 08:10:19.981  INFO 5332 --- [restartedMain] o.apache.catalina.core.StandardService   : Stopping service [Tomcat]
2021-12-04 08:10:20.009  INFO 5332 --- [restartedMain] ConditionEvaluationReportLoggingListener : 

Error starting ApplicationContext. To display the conditions report re-run your application with 'debug' enabled.
2021-12-04 08:10:20.035 ERROR 5332 --- [restartedMain] o.s.b.d.LoggingFailureAnalysisReporter   : 

***************************
APPLICATION FAILED TO START
***************************

Description:

Field clientRepository in com.teamerror.capstoneprojectdbs.services.ClientService required a bean of type 'com.teamerror.capstoneprojectdbs.repositories.ClientRepository' that could not be found.

The injection point has the following annotations:
	- @org.springframework.beans.factory.annotation.Autowired(required=true)


Action:

Consider defining a bean of type 'com.teamerror.capstoneprojectdbs.repositories.ClientRepository' in your configuration.

2021-12-04 08:14:19.228  INFO 1988 --- [restartedMain] c.t.c.CapstoneProjectDbsApplication      : Starting CapstoneProjectDbsApplication using Java 16.0.1 on EC2AMAZ-06474CL with PID 1988 (C:\Users\Administrator\Documents\capstone-project-dbs\target\classes started by Administrator in C:\Users\Administrator\Documents\capstone-project-dbs)
2021-12-04 08:14:19.229  INFO 1988 --- [restartedMain] c.t.c.CapstoneProjectDbsApplication      : No active profile set, falling back to default profiles: default
2021-12-04 08:14:19.574  INFO 1988 --- [restartedMain] .e.DevToolsPropertyDefaultsPostProcessor : Devtools property defaults active! Set 'spring.devtools.add-properties' to 'false' to disable
2021-12-04 08:14:19.574  INFO 1988 --- [restartedMain] .e.DevToolsPropertyDefaultsPostProcessor : For additional web related logging consider setting the 'logging.level.web' property to 'DEBUG'
2021-12-04 08:14:21.940  INFO 1988 --- [restartedMain] o.s.b.w.embedded.tomcat.TomcatWebServer  : Tomcat initialized with port(s): 8080 (http)
2021-12-04 08:14:21.956  INFO 1988 --- [restartedMain] o.apache.catalina.core.StandardService   : Starting service [Tomcat]
2021-12-04 08:14:21.956  INFO 1988 --- [restartedMain] org.apache.catalina.core.StandardEngine  : Starting Servlet engine: [Apache Tomcat/9.0.54]
2021-12-04 08:14:22.086  INFO 1988 --- [restartedMain] o.a.c.c.C.[Tomcat].[localhost].[/]       : Initializing Spring embedded WebApplicationContext
2021-12-04 08:14:22.087  INFO 1988 --- [restartedMain] w.s.c.ServletWebServerApplicationContext : Root WebApplicationContext: initialization completed in 2512 ms
2021-12-04 08:14:22.331  WARN 1988 --- [restartedMain] ConfigServletWebServerApplicationContext : Exception encountered during context initialization - cancelling refresh attempt: org.springframework.beans.factory.UnsatisfiedDependencyException: Error creating bean with name 'clientsController': Unsatisfied dependency expressed through field 'clientService'; nested exception is org.springframework.beans.factory.UnsatisfiedDependencyException: Error creating bean with name 'clientService': Unsatisfied dependency expressed through field 'clientRepository'; nested exception is org.springframework.beans.factory.NoSuchBeanDefinitionException: No qualifying bean of type 'com.teamerror.capstoneprojectdbs.repositories.ClientRepository' available: expected at least 1 bean which qualifies as autowire candidate. Dependency annotations: {@org.springframework.beans.factory.annotation.Autowired(required=true)}
2021-12-04 08:14:22.336  INFO 1988 --- [restartedMain] o.apache.catalina.core.StandardService   : Stopping service [Tomcat]
2021-12-04 08:14:22.369  INFO 1988 --- [restartedMain] ConditionEvaluationReportLoggingListener : 

Error starting ApplicationContext. To display the conditions report re-run your application with 'debug' enabled.
2021-12-04 08:14:22.394 ERROR 1988 --- [restartedMain] o.s.b.d.LoggingFailureAnalysisReporter   : 

***************************
APPLICATION FAILED TO START
***************************

Description:

Field clientRepository in com.teamerror.capstoneprojectdbs.services.ClientService required a bean of type 'com.teamerror.capstoneprojectdbs.repositories.ClientRepository' that could not be found.

The injection point has the following annotations:
	- @org.springframework.beans.factory.annotation.Autowired(required=true)


Action:

Consider defining a bean of type 'com.teamerror.capstoneprojectdbs.repositories.ClientRepository' in your configuration.

2021-12-04 08:18:14.286  INFO 4480 --- [restartedMain] c.t.c.CapstoneProjectDbsApplication      : Starting CapstoneProjectDbsApplication using Java 16.0.1 on EC2AMAZ-06474CL with PID 4480 (C:\Users\Administrator\Documents\capstone-project-dbs\target\classes started by Administrator in C:\Users\Administrator\Documents\capstone-project-dbs)
2021-12-04 08:18:14.287  INFO 4480 --- [restartedMain] c.t.c.CapstoneProjectDbsApplication      : No active profile set, falling back to default profiles: default
2021-12-04 08:18:14.358  INFO 4480 --- [restartedMain] .e.DevToolsPropertyDefaultsPostProcessor : Devtools property defaults active! Set 'spring.devtools.add-properties' to 'false' to disable
2021-12-04 08:18:14.359  INFO 4480 --- [restartedMain] .e.DevToolsPropertyDefaultsPostProcessor : For additional web related logging consider setting the 'logging.level.web' property to 'DEBUG'
2021-12-04 08:18:15.912  INFO 4480 --- [restartedMain] .s.d.r.c.RepositoryConfigurationDelegate : Bootstrapping Spring Data JPA repositories in DEFAULT mode.
2021-12-04 08:18:16.006  INFO 4480 --- [restartedMain] .s.d.r.c.RepositoryConfigurationDelegate : Finished Spring Data repository scanning in 83 ms. Found 5 JPA repository interfaces.
2021-12-04 08:18:16.801  INFO 4480 --- [restartedMain] o.s.b.w.embedded.tomcat.TomcatWebServer  : Tomcat initialized with port(s): 8080 (http)
2021-12-04 08:18:16.813  INFO 4480 --- [restartedMain] o.apache.catalina.core.StandardService   : Starting service [Tomcat]
2021-12-04 08:18:16.814  INFO 4480 --- [restartedMain] org.apache.catalina.core.StandardEngine  : Starting Servlet engine: [Apache Tomcat/9.0.54]
2021-12-04 08:18:16.934  INFO 4480 --- [restartedMain] o.a.c.c.C.[Tomcat].[localhost].[/]       : Initializing Spring embedded WebApplicationContext
2021-12-04 08:18:16.934  INFO 4480 --- [restartedMain] w.s.c.ServletWebServerApplicationContext : Root WebApplicationContext: initialization completed in 2574 ms
2021-12-04 08:18:17.271  INFO 4480 --- [restartedMain] o.hibernate.jpa.internal.util.LogHelper  : HHH000204: Processing PersistenceUnitInfo [name: default]
2021-12-04 08:18:17.351  INFO 4480 --- [restartedMain] org.hibernate.Version                    : HHH000412: Hibernate ORM core version 5.4.32.Final
2021-12-04 08:18:17.528  INFO 4480 --- [restartedMain] o.hibernate.annotations.common.Version   : HCANN000001: Hibernate Commons Annotations {5.1.2.Final}
2021-12-04 08:18:17.668  INFO 4480 --- [restartedMain] com.zaxxer.hikari.HikariDataSource       : HikariPool-1 - Starting...
2021-12-04 08:18:17.755  INFO 4480 --- [restartedMain] com.zaxxer.hikari.HikariDataSource       : HikariPool-1 - Start completed.
2021-12-04 08:18:17.796  INFO 4480 --- [restartedMain] org.hibernate.dialect.Dialect            : HHH000400: Using dialect: org.hibernate.dialect.MariaDB103Dialect
2021-12-04 08:18:19.421  INFO 4480 --- [restartedMain] o.h.e.t.j.p.i.JtaPlatformInitiator       : HHH000490: Using JtaPlatform implementation: [org.hibernate.engine.transaction.jta.platform.internal.NoJtaPlatform]
2021-12-04 08:18:19.433  INFO 4480 --- [restartedMain] j.LocalContainerEntityManagerFactoryBean : Initialized JPA EntityManagerFactory for persistence unit 'default'
2021-12-04 08:18:20.313  WARN 4480 --- [restartedMain] JpaBaseConfiguration$JpaWebConfiguration : spring.jpa.open-in-view is enabled by default. Therefore, database queries may be performed during view rendering. Explicitly configure spring.jpa.open-in-view to disable this warning
2021-12-04 08:18:20.583  INFO 4480 --- [restartedMain] o.s.b.a.e.web.EndpointLinksResolver      : Exposing 1 endpoint(s) beneath base path '/actuator'
2021-12-04 08:18:20.690  INFO 4480 --- [restartedMain] pertySourcedRequestMappingHandlerMapping : Mapped URL path [/v2/api-docs] onto method [springfox.documentation.swagger2.web.Swagger2Controller#getDocumentation(String, HttpServletRequest)]
2021-12-04 08:18:20.887  INFO 4480 --- [restartedMain] o.s.b.d.a.OptionalLiveReloadServer       : LiveReload server is running on port 35729
2021-12-04 08:18:21.242  INFO 4480 --- [restartedMain] o.s.b.w.embedded.tomcat.TomcatWebServer  : Tomcat started on port(s): 8080 (http) with context path ''
2021-12-04 08:18:21.243  INFO 4480 --- [restartedMain] d.s.w.p.DocumentationPluginsBootstrapper : Context refreshed
2021-12-04 08:18:21.272  INFO 4480 --- [restartedMain] d.s.w.p.DocumentationPluginsBootstrapper : Found 1 custom documentation plugin(s)
2021-12-04 08:18:21.307  INFO 4480 --- [restartedMain] s.d.s.w.s.ApiListingReferenceScanner     : Scanning for api listing references
2021-12-04 08:18:21.583  INFO 4480 --- [restartedMain] .d.s.w.r.o.CachingOperationNameGenerator : Generating unique operation named: getClientUsingGET_1
2021-12-04 08:18:21.595  INFO 4480 --- [restartedMain] .d.s.w.r.o.CachingOperationNameGenerator : Generating unique operation named: handleUsingGET_1
2021-12-04 08:18:21.604  INFO 4480 --- [restartedMain] .d.s.w.r.o.CachingOperationNameGenerator : Generating unique operation named: getAllInstrumentsUsingGET_1
2021-12-04 08:18:21.716  INFO 4480 --- [restartedMain] c.t.c.CapstoneProjectDbsApplication      : Started CapstoneProjectDbsApplication in 8.044 seconds (JVM running for 9.167)
2021-12-04 08:18:21.810  INFO 4480 --- [RMI TCP Connection(3)-127.0.0.1] o.a.c.c.C.[Tomcat].[localhost].[/]       : Initializing Spring DispatcherServlet 'dispatcherServlet'
2021-12-04 08:18:21.811  INFO 4480 --- [RMI TCP Connection(3)-127.0.0.1] o.s.web.servlet.DispatcherServlet        : Initializing Servlet 'dispatcherServlet'
2021-12-04 08:18:21.813  INFO 4480 --- [RMI TCP Connection(3)-127.0.0.1] o.s.web.servlet.DispatcherServlet        : Completed initialization in 2 ms
2021-12-04 09:20:02.250  WARN 4480 --- [http-nio-8080-exec-1] .m.m.a.ExceptionHandlerExceptionResolver : Resolved [com.teamerror.capstoneprojectdbs.exceptions.ResourceNotFoundException: something went wrong]
2021-12-04 09:28:35.408  WARN 4480 --- [http-nio-8080-exec-3] .m.m.a.ExceptionHandlerExceptionResolver : Resolved [com.teamerror.capstoneprojectdbs.exceptions.ValidationException: seems like the seller doesn't have the specified stocks]
2021-12-04 09:29:10.621  WARN 4480 --- [http-nio-8080-exec-4] .m.m.a.ExceptionHandlerExceptionResolver : Resolved [com.teamerror.capstoneprojectdbs.exceptions.ValidationException: seems like the seller doesn't have the specified stocks]
2021-12-04 09:29:15.743  WARN 4480 --- [http-nio-8080-exec-6] .m.m.a.ExceptionHandlerExceptionResolver : Resolved [com.teamerror.capstoneprojectdbs.exceptions.ValidationException: seems like the seller doesn't have the specified stocks]
2021-12-04 09:36:03.615  INFO 4480 --- [Thread-4] j.LocalContainerEntityManagerFactoryBean : Closing JPA EntityManagerFactory for persistence unit 'default'
2021-12-04 09:36:03.621  INFO 4480 --- [Thread-4] com.zaxxer.hikari.HikariDataSource       : HikariPool-1 - Shutdown initiated...
2021-12-04 09:36:03.626  INFO 4480 --- [Thread-4] com.zaxxer.hikari.HikariDataSource       : HikariPool-1 - Shutdown completed.
2021-12-04 09:36:03.876  INFO 4480 --- [restartedMain] c.t.c.CapstoneProjectDbsApplication      : Starting CapstoneProjectDbsApplication using Java 16.0.1 on EC2AMAZ-06474CL with PID 4480 (C:\Users\Administrator\Documents\capstone-project-dbs\target\classes started by Administrator in C:\Users\Administrator\Documents\capstone-project-dbs)
2021-12-04 09:36:03.876  INFO 4480 --- [restartedMain] c.t.c.CapstoneProjectDbsApplication      : No active profile set, falling back to default profiles: default
2021-12-04 09:36:04.510  INFO 4480 --- [restartedMain] .s.d.r.c.RepositoryConfigurationDelegate : Bootstrapping Spring Data JPA repositories in DEFAULT mode.
2021-12-04 09:36:04.535  INFO 4480 --- [restartedMain] .s.d.r.c.RepositoryConfigurationDelegate : Finished Spring Data repository scanning in 24 ms. Found 5 JPA repository interfaces.
2021-12-04 09:36:04.712  INFO 4480 --- [restartedMain] o.s.b.w.embedded.tomcat.TomcatWebServer  : Tomcat initialized with port(s): 8080 (http)
2021-12-04 09:36:04.714  INFO 4480 --- [restartedMain] o.apache.catalina.core.StandardService   : Starting service [Tomcat]
2021-12-04 09:36:04.714  INFO 4480 --- [restartedMain] org.apache.catalina.core.StandardEngine  : Starting Servlet engine: [Apache Tomcat/9.0.54]
2021-12-04 09:36:04.750  INFO 4480 --- [restartedMain] o.a.c.c.C.[Tomcat].[localhost].[/]       : Initializing Spring embedded WebApplicationContext
2021-12-04 09:36:04.751  INFO 4480 --- [restartedMain] w.s.c.ServletWebServerApplicationContext : Root WebApplicationContext: initialization completed in 870 ms
2021-12-04 09:36:04.906  INFO 4480 --- [restartedMain] o.hibernate.jpa.internal.util.LogHelper  : HHH000204: Processing PersistenceUnitInfo [name: default]
2021-12-04 09:36:04.920  INFO 4480 --- [restartedMain] com.zaxxer.hikari.HikariDataSource       : HikariPool-2 - Starting...
2021-12-04 09:36:04.924  INFO 4480 --- [restartedMain] com.zaxxer.hikari.HikariDataSource       : HikariPool-2 - Start completed.
2021-12-04 09:36:04.924  INFO 4480 --- [restartedMain] org.hibernate.dialect.Dialect            : HHH000400: Using dialect: org.hibernate.dialect.MariaDB103Dialect
2021-12-04 09:36:05.124  INFO 4480 --- [restartedMain] o.h.e.t.j.p.i.JtaPlatformInitiator       : HHH000490: Using JtaPlatform implementation: [org.hibernate.engine.transaction.jta.platform.internal.NoJtaPlatform]
2021-12-04 09:36:05.125  INFO 4480 --- [restartedMain] j.LocalContainerEntityManagerFactoryBean : Initialized JPA EntityManagerFactory for persistence unit 'default'
2021-12-04 09:36:05.486  WARN 4480 --- [restartedMain] JpaBaseConfiguration$JpaWebConfiguration : spring.jpa.open-in-view is enabled by default. Therefore, database queries may be performed during view rendering. Explicitly configure spring.jpa.open-in-view to disable this warning
2021-12-04 09:36:05.590  INFO 4480 --- [restartedMain] o.s.b.a.e.web.EndpointLinksResolver      : Exposing 1 endpoint(s) beneath base path '/actuator'
2021-12-04 09:36:05.633  INFO 4480 --- [restartedMain] pertySourcedRequestMappingHandlerMapping : Mapped URL path [/v2/api-docs] onto method [springfox.documentation.swagger2.web.Swagger2Controller#getDocumentation(String, HttpServletRequest)]
2021-12-04 09:36:05.715  INFO 4480 --- [restartedMain] o.s.b.d.a.OptionalLiveReloadServer       : LiveReload server is running on port 35729
2021-12-04 09:36:05.853  INFO 4480 --- [restartedMain] o.s.b.w.embedded.tomcat.TomcatWebServer  : Tomcat started on port(s): 8080 (http) with context path ''
2021-12-04 09:36:05.854  INFO 4480 --- [restartedMain] d.s.w.p.DocumentationPluginsBootstrapper : Context refreshed
2021-12-04 09:36:05.855  INFO 4480 --- [restartedMain] d.s.w.p.DocumentationPluginsBootstrapper : Found 1 custom documentation plugin(s)
2021-12-04 09:36:05.861  INFO 4480 --- [restartedMain] s.d.s.w.s.ApiListingReferenceScanner     : Scanning for api listing references
2021-12-04 09:36:05.967  INFO 4480 --- [restartedMain] .d.s.w.r.o.CachingOperationNameGenerator : Generating unique operation named: getClientUsingGET_1
2021-12-04 09:36:05.976  INFO 4480 --- [restartedMain] .d.s.w.r.o.CachingOperationNameGenerator : Generating unique operation named: handleUsingGET_1
2021-12-04 09:36:05.981  INFO 4480 --- [restartedMain] .d.s.w.r.o.CachingOperationNameGenerator : Generating unique operation named: getAllInstrumentsUsingGET_1
2021-12-04 09:36:06.044  INFO 4480 --- [restartedMain] c.t.c.CapstoneProjectDbsApplication      : Started CapstoneProjectDbsApplication in 2.225 seconds (JVM running for 4673.403)
2021-12-04 09:36:06.048  INFO 4480 --- [restartedMain] .ConditionEvaluationDeltaLoggingListener : Condition evaluation unchanged
2021-12-04 09:41:40.688  INFO 4480 --- [RMI TCP Connection(89)-127.0.0.1] inMXBeanRegistrar$SpringApplicationAdmin : Application shutdown requested.
2021-12-04 09:41:40.712  INFO 4480 --- [RMI TCP Connection(89)-127.0.0.1] j.LocalContainerEntityManagerFactoryBean : Closing JPA EntityManagerFactory for persistence unit 'default'
2021-12-04 09:41:40.713  INFO 4480 --- [RMI TCP Connection(89)-127.0.0.1] com.zaxxer.hikari.HikariDataSource       : HikariPool-2 - Shutdown initiated...
2021-12-04 09:41:40.717  INFO 4480 --- [RMI TCP Connection(89)-127.0.0.1] com.zaxxer.hikari.HikariDataSource       : HikariPool-2 - Shutdown completed.
2021-12-04 09:44:35.670  INFO 6760 --- [restartedMain] c.t.c.CapstoneProjectDbsApplication      : Starting CapstoneProjectDbsApplication using Java 16.0.1 on EC2AMAZ-06474CL with PID 6760 (C:\Users\Administrator\Documents\capstone-project-dbs\target\classes started by Administrator in C:\Users\Administrator\Documents\capstone-project-dbs)
2021-12-04 09:44:35.673  INFO 6760 --- [restartedMain] c.t.c.CapstoneProjectDbsApplication      : No active profile set, falling back to default profiles: default
2021-12-04 09:44:35.760  INFO 6760 --- [restartedMain] .e.DevToolsPropertyDefaultsPostProcessor : Devtools property defaults active! Set 'spring.devtools.add-properties' to 'false' to disable
2021-12-04 09:44:35.761  INFO 6760 --- [restartedMain] .e.DevToolsPropertyDefaultsPostProcessor : For additional web related logging consider setting the 'logging.level.web' property to 'DEBUG'
2021-12-04 09:44:37.259  INFO 6760 --- [restartedMain] .s.d.r.c.RepositoryConfigurationDelegate : Bootstrapping Spring Data JPA repositories in DEFAULT mode.
2021-12-04 09:44:37.346  INFO 6760 --- [restartedMain] .s.d.r.c.RepositoryConfigurationDelegate : Finished Spring Data repository scanning in 75 ms. Found 5 JPA repository interfaces.
2021-12-04 09:44:38.125  INFO 6760 --- [restartedMain] o.s.b.w.embedded.tomcat.TomcatWebServer  : Tomcat initialized with port(s): 8080 (http)
2021-12-04 09:44:38.144  INFO 6760 --- [restartedMain] o.apache.catalina.core.StandardService   : Starting service [Tomcat]
2021-12-04 09:44:38.144  INFO 6760 --- [restartedMain] org.apache.catalina.core.StandardEngine  : Starting Servlet engine: [Apache Tomcat/9.0.54]
2021-12-04 09:44:38.256  INFO 6760 --- [restartedMain] o.a.c.c.C.[Tomcat].[localhost].[/]       : Initializing Spring embedded WebApplicationContext
2021-12-04 09:44:38.256  INFO 6760 --- [restartedMain] w.s.c.ServletWebServerApplicationContext : Root WebApplicationContext: initialization completed in 2493 ms
2021-12-04 09:44:38.695  INFO 6760 --- [restartedMain] o.hibernate.jpa.internal.util.LogHelper  : HHH000204: Processing PersistenceUnitInfo [name: default]
2021-12-04 09:44:38.793  INFO 6760 --- [restartedMain] org.hibernate.Version                    : HHH000412: Hibernate ORM core version 5.4.32.Final
2021-12-04 09:44:39.028  INFO 6760 --- [restartedMain] o.hibernate.annotations.common.Version   : HCANN000001: Hibernate Commons Annotations {5.1.2.Final}
2021-12-04 09:44:39.188  INFO 6760 --- [restartedMain] com.zaxxer.hikari.HikariDataSource       : HikariPool-1 - Starting...
2021-12-04 09:44:39.288  INFO 6760 --- [restartedMain] com.zaxxer.hikari.HikariDataSource       : HikariPool-1 - Start completed.
2021-12-04 09:44:39.331  INFO 6760 --- [restartedMain] org.hibernate.dialect.Dialect            : HHH000400: Using dialect: org.hibernate.dialect.MariaDB103Dialect
2021-12-04 09:44:40.278  INFO 6760 --- [restartedMain] o.h.e.t.j.p.i.JtaPlatformInitiator       : HHH000490: Using JtaPlatform implementation: [org.hibernate.engine.transaction.jta.platform.internal.NoJtaPlatform]
2021-12-04 09:44:40.288  INFO 6760 --- [restartedMain] j.LocalContainerEntityManagerFactoryBean : Initialized JPA EntityManagerFactory for persistence unit 'default'
2021-12-04 09:44:41.205  WARN 6760 --- [restartedMain] JpaBaseConfiguration$JpaWebConfiguration : spring.jpa.open-in-view is enabled by default. Therefore, database queries may be performed during view rendering. Explicitly configure spring.jpa.open-in-view to disable this warning
2021-12-04 09:44:41.438  INFO 6760 --- [restartedMain] o.s.b.a.e.web.EndpointLinksResolver      : Exposing 1 endpoint(s) beneath base path '/actuator'
2021-12-04 09:44:41.521  INFO 6760 --- [restartedMain] pertySourcedRequestMappingHandlerMapping : Mapped URL path [/v2/api-docs] onto method [springfox.documentation.swagger2.web.Swagger2Controller#getDocumentation(String, HttpServletRequest)]
2021-12-04 09:44:41.719  INFO 6760 --- [restartedMain] o.s.b.d.a.OptionalLiveReloadServer       : LiveReload server is running on port 35729
2021-12-04 09:44:42.082  INFO 6760 --- [restartedMain] o.s.b.w.embedded.tomcat.TomcatWebServer  : Tomcat started on port(s): 8080 (http) with context path ''
2021-12-04 09:44:42.084  INFO 6760 --- [restartedMain] d.s.w.p.DocumentationPluginsBootstrapper : Context refreshed
2021-12-04 09:44:42.113  INFO 6760 --- [restartedMain] d.s.w.p.DocumentationPluginsBootstrapper : Found 1 custom documentation plugin(s)
2021-12-04 09:44:42.151  INFO 6760 --- [restartedMain] s.d.s.w.s.ApiListingReferenceScanner     : Scanning for api listing references
2021-12-04 09:44:42.399  INFO 6760 --- [restartedMain] .d.s.w.r.o.CachingOperationNameGenerator : Generating unique operation named: getClientUsingGET_1
2021-12-04 09:44:42.412  INFO 6760 --- [restartedMain] .d.s.w.r.o.CachingOperationNameGenerator : Generating unique operation named: handleUsingGET_1
2021-12-04 09:44:42.422  INFO 6760 --- [restartedMain] .d.s.w.r.o.CachingOperationNameGenerator : Generating unique operation named: getAllInstrumentsUsingGET_1
2021-12-04 09:44:42.532  INFO 6760 --- [restartedMain] c.t.c.CapstoneProjectDbsApplication      : Started CapstoneProjectDbsApplication in 8.048 seconds (JVM running for 9.386)
2021-12-04 09:45:36.028  INFO 6760 --- [Thread-4] j.LocalContainerEntityManagerFactoryBean : Closing JPA EntityManagerFactory for persistence unit 'default'
2021-12-04 09:45:36.033  INFO 6760 --- [Thread-4] com.zaxxer.hikari.HikariDataSource       : HikariPool-1 - Shutdown initiated...
2021-12-04 09:45:36.057  INFO 6760 --- [Thread-4] com.zaxxer.hikari.HikariDataSource       : HikariPool-1 - Shutdown completed.
2021-12-04 09:45:36.321  INFO 6760 --- [restartedMain] c.t.c.CapstoneProjectDbsApplication      : Starting CapstoneProjectDbsApplication using Java 16.0.1 on EC2AMAZ-06474CL with PID 6760 (C:\Users\Administrator\Documents\capstone-project-dbs\target\classes started by Administrator in C:\Users\Administrator\Documents\capstone-project-dbs)
2021-12-04 09:45:36.322  INFO 6760 --- [restartedMain] c.t.c.CapstoneProjectDbsApplication      : No active profile set, falling back to default profiles: default
2021-12-04 09:45:37.105  INFO 6760 --- [restartedMain] .s.d.r.c.RepositoryConfigurationDelegate : Bootstrapping Spring Data JPA repositories in DEFAULT mode.
2021-12-04 09:45:37.106  INFO 6760 --- [restartedMain] .s.d.r.c.RepositoryConfigurationDelegate : Finished Spring Data repository scanning in 1 ms. Found 0 JPA repository interfaces.
2021-12-04 09:45:37.261  INFO 6760 --- [restartedMain] o.s.b.w.embedded.tomcat.TomcatWebServer  : Tomcat initialized with port(s): 8080 (http)
2021-12-04 09:45:37.263  INFO 6760 --- [restartedMain] o.apache.catalina.core.StandardService   : Starting service [Tomcat]
2021-12-04 09:45:37.264  INFO 6760 --- [restartedMain] org.apache.catalina.core.StandardEngine  : Starting Servlet engine: [Apache Tomcat/9.0.54]
2021-12-04 09:45:37.294  INFO 6760 --- [restartedMain] o.a.c.c.C.[Tomcat].[localhost].[/]       : Initializing Spring embedded WebApplicationContext
2021-12-04 09:45:37.294  INFO 6760 --- [restartedMain] w.s.c.ServletWebServerApplicationContext : Root WebApplicationContext: initialization completed in 962 ms
2021-12-04 09:45:37.401  INFO 6760 --- [restartedMain] o.hibernate.jpa.internal.util.LogHelper  : HHH000204: Processing PersistenceUnitInfo [name: default]
2021-12-04 09:45:37.408  INFO 6760 --- [restartedMain] com.zaxxer.hikari.HikariDataSource       : HikariPool-2 - Starting...
2021-12-04 09:45:37.413  INFO 6760 --- [restartedMain] com.zaxxer.hikari.HikariDataSource       : HikariPool-2 - Start completed.
2021-12-04 09:45:37.414  INFO 6760 --- [restartedMain] org.hibernate.dialect.Dialect            : HHH000400: Using dialect: org.hibernate.dialect.MariaDB103Dialect
2021-12-04 09:45:37.451  INFO 6760 --- [restartedMain] o.h.e.t.j.p.i.JtaPlatformInitiator       : HHH000490: Using JtaPlatform implementation: [org.hibernate.engine.transaction.jta.platform.internal.NoJtaPlatform]
2021-12-04 09:45:37.452  INFO 6760 --- [restartedMain] j.LocalContainerEntityManagerFactoryBean : Initialized JPA EntityManagerFactory for persistence unit 'default'
2021-12-04 09:45:37.479  WARN 6760 --- [restartedMain] JpaBaseConfiguration$JpaWebConfiguration : spring.jpa.open-in-view is enabled by default. Therefore, database queries may be performed during view rendering. Explicitly configure spring.jpa.open-in-view to disable this warning
2021-12-04 09:45:37.772  INFO 6760 --- [restartedMain] o.s.b.d.a.OptionalLiveReloadServer       : LiveReload server is running on port 35729
2021-12-04 09:45:37.782  INFO 6760 --- [restartedMain] o.s.b.a.e.web.EndpointLinksResolver      : Exposing 1 endpoint(s) beneath base path '/actuator'
2021-12-04 09:45:37.828  INFO 6760 --- [restartedMain] o.s.b.w.embedded.tomcat.TomcatWebServer  : Tomcat started on port(s): 8080 (http) with context path ''
2021-12-04 09:45:37.844  INFO 6760 --- [restartedMain] c.t.c.CapstoneProjectDbsApplication      : Started CapstoneProjectDbsApplication in 1.588 seconds (JVM running for 64.695)
2021-12-04 09:45:37.849  INFO 6760 --- [restartedMain] .ConditionEvaluationDeltaLoggingListener : Condition evaluation unchanged
2021-12-04 09:45:39.203  INFO 6760 --- [Thread-7] j.LocalContainerEntityManagerFactoryBean : Closing JPA EntityManagerFactory for persistence unit 'default'
2021-12-04 09:45:39.204  INFO 6760 --- [Thread-7] com.zaxxer.hikari.HikariDataSource       : HikariPool-2 - Shutdown initiated...
2021-12-04 09:45:39.208  INFO 6760 --- [Thread-7] com.zaxxer.hikari.HikariDataSource       : HikariPool-2 - Shutdown completed.
2021-12-04 09:45:39.333  INFO 6760 --- [restartedMain] c.t.c.CapstoneProjectDbsApplication      : Starting CapstoneProjectDbsApplication using Java 16.0.1 on EC2AMAZ-06474CL with PID 6760 (C:\Users\Administrator\Documents\capstone-project-dbs\target\classes started by Administrator in C:\Users\Administrator\Documents\capstone-project-dbs)
2021-12-04 09:45:39.334  INFO 6760 --- [restartedMain] c.t.c.CapstoneProjectDbsApplication      : No active profile set, falling back to default profiles: default
2021-12-04 09:45:39.671  INFO 6760 --- [restartedMain] .s.d.r.c.RepositoryConfigurationDelegate : Bootstrapping Spring Data JPA repositories in DEFAULT mode.
2021-12-04 09:45:39.672  INFO 6760 --- [restartedMain] .s.d.r.c.RepositoryConfigurationDelegate : Finished Spring Data repository scanning in 0 ms. Found 0 JPA repository interfaces.
2021-12-04 09:45:39.788  INFO 6760 --- [restartedMain] o.s.b.w.embedded.tomcat.TomcatWebServer  : Tomcat initialized with port(s): 8080 (http)
2021-12-04 09:45:39.789  INFO 6760 --- [restartedMain] o.apache.catalina.core.StandardService   : Starting service [Tomcat]
2021-12-04 09:45:39.790  INFO 6760 --- [restartedMain] org.apache.catalina.core.StandardEngine  : Starting Servlet engine: [Apache Tomcat/9.0.54]
2021-12-04 09:45:39.818  INFO 6760 --- [restartedMain] o.a.c.c.C.[Tomcat].[localhost].[/]       : Initializing Spring embedded WebApplicationContext
2021-12-04 09:45:39.818  INFO 6760 --- [restartedMain] w.s.c.ServletWebServerApplicationContext : Root WebApplicationContext: initialization completed in 481 ms
2021-12-04 09:45:39.904  INFO 6760 --- [restartedMain] o.hibernate.jpa.internal.util.LogHelper  : HHH000204: Processing PersistenceUnitInfo [name: default]
2021-12-04 09:45:39.912  INFO 6760 --- [restartedMain] com.zaxxer.hikari.HikariDataSource       : HikariPool-3 - Starting...
2021-12-04 09:45:39.915  INFO 6760 --- [restartedMain] com.zaxxer.hikari.HikariDataSource       : HikariPool-3 - Start completed.
2021-12-04 09:45:39.915  INFO 6760 --- [restartedMain] org.hibernate.dialect.Dialect            : HHH000400: Using dialect: org.hibernate.dialect.MariaDB103Dialect
2021-12-04 09:45:39.946  INFO 6760 --- [restartedMain] o.h.e.t.j.p.i.JtaPlatformInitiator       : HHH000490: Using JtaPlatform implementation: [org.hibernate.engine.transaction.jta.platform.internal.NoJtaPlatform]
2021-12-04 09:45:39.947  INFO 6760 --- [restartedMain] j.LocalContainerEntityManagerFactoryBean : Initialized JPA EntityManagerFactory for persistence unit 'default'
2021-12-04 09:45:39.985  WARN 6760 --- [restartedMain] JpaBaseConfiguration$JpaWebConfiguration : spring.jpa.open-in-view is enabled by default. Therefore, database queries may be performed during view rendering. Explicitly configure spring.jpa.open-in-view to disable this warning
2021-12-04 09:45:40.191  INFO 6760 --- [restartedMain] o.s.b.d.a.OptionalLiveReloadServer       : LiveReload server is running on port 35729
2021-12-04 09:45:40.195  INFO 6760 --- [restartedMain] o.s.b.a.e.web.EndpointLinksResolver      : Exposing 1 endpoint(s) beneath base path '/actuator'
2021-12-04 09:45:40.217  INFO 6760 --- [restartedMain] o.s.b.w.embedded.tomcat.TomcatWebServer  : Tomcat started on port(s): 8080 (http) with context path ''
2021-12-04 09:45:40.229  INFO 6760 --- [restartedMain] c.t.c.CapstoneProjectDbsApplication      : Started CapstoneProjectDbsApplication in 0.938 seconds (JVM running for 67.08)
2021-12-04 09:45:40.232  INFO 6760 --- [restartedMain] .ConditionEvaluationDeltaLoggingListener : Condition evaluation unchanged
2021-12-04 09:47:38.668  INFO 6760 --- [Thread-11] j.LocalContainerEntityManagerFactoryBean : Closing JPA EntityManagerFactory for persistence unit 'default'
2021-12-04 09:47:38.670  INFO 6760 --- [Thread-11] com.zaxxer.hikari.HikariDataSource       : HikariPool-3 - Shutdown initiated...
2021-12-04 09:47:38.707  INFO 6760 --- [Thread-11] com.zaxxer.hikari.HikariDataSource       : HikariPool-3 - Shutdown completed.
2021-12-04 09:47:45.941  INFO 6760 --- [restartedMain] c.t.c.CapstoneProjectDbsApplication      : Starting CapstoneProjectDbsApplication using Java 16.0.1 on EC2AMAZ-06474CL with PID 6760 (C:\Users\Administrator\Documents\capstone-project-dbs\target\classes started by Administrator in C:\Users\Administrator\Documents\capstone-project-dbs)
2021-12-04 09:47:45.941  INFO 6760 --- [restartedMain] c.t.c.CapstoneProjectDbsApplication      : No active profile set, falling back to default profiles: default
2021-12-04 09:47:46.252  INFO 6760 --- [restartedMain] .s.d.r.c.RepositoryConfigurationDelegate : Bootstrapping Spring Data JPA repositories in DEFAULT mode.
2021-12-04 09:47:46.253  INFO 6760 --- [restartedMain] .s.d.r.c.RepositoryConfigurationDelegate : Finished Spring Data repository scanning in 0 ms. Found 0 JPA repository interfaces.
2021-12-04 09:47:46.397  INFO 6760 --- [restartedMain] o.s.b.w.embedded.tomcat.TomcatWebServer  : Tomcat initialized with port(s): 8080 (http)
2021-12-04 09:47:46.398  INFO 6760 --- [restartedMain] o.apache.catalina.core.StandardService   : Starting service [Tomcat]
2021-12-04 09:47:46.399  INFO 6760 --- [restartedMain] org.apache.catalina.core.StandardEngine  : Starting Servlet engine: [Apache Tomcat/9.0.54]
2021-12-04 09:47:46.426  INFO 6760 --- [restartedMain] o.a.c.c.C.[Tomcat-2].[localhost].[/]     : Initializing Spring embedded WebApplicationContext
2021-12-04 09:47:46.427  INFO 6760 --- [restartedMain] w.s.c.ServletWebServerApplicationContext : Root WebApplicationContext: initialization completed in 483 ms
2021-12-04 09:47:46.500  INFO 6760 --- [restartedMain] o.hibernate.jpa.internal.util.LogHelper  : HHH000204: Processing PersistenceUnitInfo [name: default]
2021-12-04 09:47:46.507  INFO 6760 --- [restartedMain] com.zaxxer.hikari.HikariDataSource       : HikariPool-4 - Starting...
2021-12-04 09:47:46.511  INFO 6760 --- [restartedMain] com.zaxxer.hikari.HikariDataSource       : HikariPool-4 - Start completed.
2021-12-04 09:47:46.511  INFO 6760 --- [restartedMain] org.hibernate.dialect.Dialect            : HHH000400: Using dialect: org.hibernate.dialect.MariaDB103Dialect
2021-12-04 09:47:46.541  INFO 6760 --- [restartedMain] o.h.e.t.j.p.i.JtaPlatformInitiator       : HHH000490: Using JtaPlatform implementation: [org.hibernate.engine.transaction.jta.platform.internal.NoJtaPlatform]
2021-12-04 09:47:46.542  INFO 6760 --- [restartedMain] j.LocalContainerEntityManagerFactoryBean : Initialized JPA EntityManagerFactory for persistence unit 'default'
2021-12-04 09:47:46.569  WARN 6760 --- [restartedMain] JpaBaseConfiguration$JpaWebConfiguration : spring.jpa.open-in-view is enabled by default. Therefore, database queries may be performed during view rendering. Explicitly configure spring.jpa.open-in-view to disable this warning
2021-12-04 09:47:46.800  INFO 6760 --- [restartedMain] o.s.b.d.a.OptionalLiveReloadServer       : LiveReload server is running on port 35729
2021-12-04 09:47:46.806  INFO 6760 --- [restartedMain] o.s.b.a.e.web.EndpointLinksResolver      : Exposing 1 endpoint(s) beneath base path '/actuator'
2021-12-04 09:47:46.832  INFO 6760 --- [restartedMain] o.s.b.w.embedded.tomcat.TomcatWebServer  : Tomcat started on port(s): 8080 (http) with context path ''
2021-12-04 09:47:46.846  INFO 6760 --- [restartedMain] c.t.c.CapstoneProjectDbsApplication      : Started CapstoneProjectDbsApplication in 0.935 seconds (JVM running for 193.695)
2021-12-04 09:47:46.849  INFO 6760 --- [restartedMain] .ConditionEvaluationDeltaLoggingListener : Condition evaluation unchanged
2021-12-04 09:48:24.329  INFO 6760 --- [RMI TCP Connection(2)-127.0.0.1] inMXBeanRegistrar$SpringApplicationAdmin : Application shutdown requested.
2021-12-04 09:48:24.345  INFO 6760 --- [RMI TCP Connection(2)-127.0.0.1] j.LocalContainerEntityManagerFactoryBean : Closing JPA EntityManagerFactory for persistence unit 'default'
2021-12-04 09:48:24.346  INFO 6760 --- [RMI TCP Connection(2)-127.0.0.1] com.zaxxer.hikari.HikariDataSource       : HikariPool-4 - Shutdown initiated...
2021-12-04 09:48:24.349  INFO 6760 --- [RMI TCP Connection(2)-127.0.0.1] com.zaxxer.hikari.HikariDataSource       : HikariPool-4 - Shutdown completed.
